Name: CCTV2, URL: http://[2409:8087:5e00:24::1e]:6060/000000001000/1000000001000012442/1.m3u8, Date: None, Resolution: None, Response Time: inf ms
Name: CCTV2, URL: http://[2409:8087:5e00:24::1e]:6060/000000001000/1000000001000023315/1.m3u8, Date: None, Resolution: None, Response Time: inf ms
Name: CCTV2, URL: http://[2409:8087:5e00:24::1e]:6060/000000001000/5000000005000031113/1.m3u8, Date: None, Resolution: None, Response Time: inf ms
Name: CCTV2, URL: http://[2409:8087:4c0a:22:1::11]:6410/170000001115/UmaiCHAN5000036BESTVSMGSMG/index.m3u8?m3u8_level=2, Date: None, Resolution: None, Response Time: inf ms
Name: CCTV2, URL: http://[2409:8087:1a01:df::4077]/ottrrs.hl.chinamobile.com/PLTV/88888888/8/3221225588/index.m3u8, Date: None, Resolution: None, Response Time: inf ms
Name: CCTV2, URL: http://[2409:8087:1a01:df::7005]:80/ottrrs.hl.chinamobile.com/PLTV/88888888/224/3221226540/index.m3u8, Date: None, Resolution: None, Response Time: inf ms
Name: CCTV2, URL: http://[2409:8087:5e01:34::23]:6610/ZTE_CMS/00000001000000060000000000000297/index.m3u8?IAS, Date: None, Resolution: None, Response Time: inf ms
Name: CCTV2, URL: http://[2409:8087:5e01:34::23]:6610/ZTE_CMS/00000001000000060000000000000372/index.m3u8?IAS, Date: None, Resolution: None, Response Time: inf ms
Name: CCTV2, URL: http://[2409:8087:7004:20:1000::22]:6610/yinhe/2/ch00000090990000001293/index.m3u8?virtualDomain=yinhe.live_hls.zte.com, Date: None, Resolution: None, Response Time: inf ms
Name: CCTV3, URL: http://[2409:8087:1a01:df::4077]/ottrrs.hl.chinamobile.com/PLTV/88888888/224/3221226021/index.m3u8, Date: None, Resolution: None, Response Time: inf ms
Name: CCTV3, URL: http://[2409:8087:5e00:24::1e]:6060/000000001000/1000000001000011218/1.m3u8, Date: None, Resolution: None, Response Time: inf ms
Name: CCTV3, URL: http://[2409:8087:4c0a:22:1::11]:6410/170000001115/UmaiCHAN638727c125355/index.m3u8?m3u8_level=2, Date: None, Resolution: None, Response Time: inf ms
Name: CCTV3, URL: http://[2409:8087:1a01:df::4077]/PLTV/88888888/224/3221225799/index.m3u8, Date: None, Resolution: None, Response Time: inf ms
Name: CCTV3, URL: http://[2409:8087:5e01:34::23]:6610/ZTE_CMS/00000001000000060000000000000382/index.m3u8?IAS, Date: None, Resolution: None, Response Time: inf ms
Name: CCTV3, URL: http://[2409:8087:5e01:34::23]:6610/ZTE_CMS/00000001000000060000000000000082/index.m3u8?IAS, Date: None, Resolution: None, Response Time: inf ms
Name: CCTV3, URL: http://[2409:8087:5e01:34::23]:6610/ZTE_CMS/00000001000000060000000000000088/index.m3u8?IAS, Date: None, Resolution: None, Response Time: inf ms
Name: CCTV3, URL: http://[2409:8087:1a01:df::4077]:80/PLTV/88888888/224/3221225799/index.m3u8, Date: None, Resolution: None, Response Time: inf ms
Name: CCTV3, URL: http://[2409:8087:7001:20:2::3]:80/dbiptv.sn.chinamobile.com/PLTV/88888888/224/3221226397/1.m3u8, Date: None, Resolution: None, Response Time: inf ms
Name: CCTV3, URL: http://[2409:8087:7000:20:1000::22]:6060/yinhe/2/ch00000090990000001598/index.m3u8?virtualDomain=yinhe.live_hls.zte.com, Date: None, Resolution: None, Response Time: inf ms
Name: CCTV3, URL: http://[2409:8087:1a01:df::4077]/ottrrs.hl.chinamobile.com/PLTV/88888888/8/3221226021/index.m3u8, Date: None, Resolution: None, Response Time: inf ms
Name: CCTV3, URL: http://[2409:8087:2001:20:2800:0:df6e:eb20]/ott.mobaibox.com/PLTV/4/224/3221228499/index.m3u8, Date: None, Resolution: None, Response Time: inf ms
Name: CCTV4, URL: http://[2409:8087:5e00:24::1e]:6060/000000001000/1000000002000031664/1.m3u8, Date: None, Resolution: None, Response Time: inf ms
Name: CCTV4, URL: http://[2409:8087:4c0a:22:1::11]:6410/170000001115/UmaiCHAN5000037BESTVSMGSMG/index.m3u8?m3u8_level=2, Date: None, Resolution: None, Response Time: inf ms
Name: CCTV4, URL: http://[2409:8087:5e00:24::1e]:6060/000000001000/1000000005000265004/1.m3u8, Date: None, Resolution: None, Response Time: inf ms
Name: CCTV4, URL: http://[2409:8087:5e00:24::1e]:6060/000000001000/5000000005000030093/1.m3u8, Date: None, Resolution: None, Response Time: inf ms
Name: CCTV4, URL: http://[2409:8087:1a01:df::7005]:80/ottrrs.hl.chinamobile.com/PLTV/88888888/224/3221226428/index.m3u8, Date: None, Resolution: None, Response Time: inf ms
Name: CCTV4, URL: http://[2409:8087:5e01:34::23]:6610/ZTE_CMS/00000001000000060000000000000298/index.m3u8?IAS, Date: None, Resolution: None, Response Time: inf ms
Name: CCTV4, URL: http://[2409:8087:5e01:34::23]:6610/ZTE_CMS/00000001000000060000000000000485/index.m3u8?IAS, Date: None, Resolution: None, Response Time: inf ms
Name: CCTV5, URL: http://[2409:8087:5e00:24::1e]:6060/000000001000/1000000001000004794/1.m3u8, Date: None, Resolution: None, Response Time: inf ms
Name: CCTV5, URL: http://[2409:8087:5e00:24::1e]:6060/000000001000/1000000005000265005/1.m3u8, Date: None, Resolution: None, Response Time: inf ms
Name: CCTV5, URL: http://[2409:8087:5e00:24::1e]:6060/000000001000/1000000006000270006/1.m3u8, Date: None, Resolution: None, Response Time: inf ms
Name: CCTV5, URL: http://[2409:8087:4c0a:22:1::11]:6410/170000001115/UmaiCHAN638727e617ca0/index.m3u8?m3u8_level=2, Date: None, Resolution: None, Response Time: inf ms
Name: CCTV6, URL: http://[2409:8087:5e00:24::1e]:6060/000000001000/1000000001000016466/1.m3u8, Date: None, Resolution: None, Response Time: inf ms
Name: CCTV6, URL: http://[2409:8087:5e00:24::1e]:6060/000000001000/1000000005000265006/1.m3u8, Date: None, Resolution: None, Response Time: inf ms
Name: CCTV6, URL: http://[2409:8087:5e01:34::23]:6610/ZTE_CMS/00000001000000060000000000000379/index.m3u8?IAS, Date: None, Resolution: None, Response Time: inf ms
Name: CCTV6, URL: http://[2409:8087:4c0a:22:1::11]:6410/170000001115/UmaiCHAN638728804b1f9/index.m3u8?m3u8_level=2, Date: None, Resolution: None, Response Time: inf ms
Name: CCTV6, URL: http://[2409:8087:1a01:df::4077]/PLTV/88888888/224/3221225814/index.m3u8, Date: None, Resolution: None, Response Time: inf ms
Name: CCTV6, URL: http://[2409:8087:1a01:df::4077]:80/ottrrs.hl.chinamobile.com/PLTV/88888888/224/3221226010/index.m3u8, Date: None, Resolution: None, Response Time: inf ms
Name: CCTV6, URL: http://[2409:8087:7001:20:3::7]:80/dbiptv.sn.chinamobile.com/PLTV/88888888/224/3221226393/index.m3u8, Date: None, Resolution: None, Response Time: inf ms
Name: CCTV6, URL: http://[2409:8087:1a01:df::4077]/ottrrs.hl.chinamobile.com/PLTV/88888888/8/3221226010/index.m3u8, Date: None, Resolution: None, Response Time: inf ms
Name: CCTV7, URL: http://[2409:8087:4c0a:22:1::11]:6410/170000001115/UmaiCHAN5000038BESTVSMGSMG/index.m3u8?m3u8_level=2, Date: None, Resolution: None, Response Time: inf ms
Name: CCTV7, URL: http://[2409:8087:5e00:24::1e]:6060/000000001000/1000000001000017218/1.m3u8, Date: None, Resolution: None, Response Time: inf ms
Name: CCTV7, URL: http://[2409:8087:5e00:24::1e]:6060/000000001000/1000000001000024341/1.m3u8, Date: None, Resolution: None, Response Time: inf ms
Name: CCTV7, URL: http://[2409:8087:5e00:24::1e]:6060/000000001000/1000000005000265007/1.m3u8, Date: None, Resolution: None, Response Time: inf ms
Name: CCTV7, URL: http://[2409:8087:5e00:24::1e]:6060/000000001000/5000000005000026715/1.m3u8, Date: None, Resolution: None, Response Time: inf ms
Name: CCTV7, URL: http://[2409:8087:5e01:34::23]:6610/ZTE_CMS/00000001000000060000000000000299/index.m3u8?IAS, Date: None, Resolution: None, Response Time: inf ms
Name: CCTV7, URL: http://[2409:8087:5e01:34::23]:6610/ZTE_CMS/00000001000000060000000000000380/index.m3u8?IAS, Date: None, Resolution: None, Response Time: inf ms
Name: CCTV7, URL: http://[2409:8087:1a01:df::7005]:80/ottrrs.hl.chinamobile.com/PLTV/88888888/224/3221225733/index.m3u8, Date: None, Resolution: None, Response Time: inf ms
Name: CCTV7, URL: http://[2409:8087:7000:20::4]:80/dbiptv.sn.chinamobile.com/PLTV/88888888/224/3221226192/1.m3u8, Date: None, Resolution: None, Response Time: inf ms
Name: CCTV7, URL: http://[2409:8087:7004:20:1000::22]:6610/yinhe/2/ch00000090990000001291/index.m3u8?virtualDomain=yinhe.live_hls.zte.com, Date: None, Resolution: None, Response Time: inf ms
Name: CCTV8, URL: http://[2409:8087:5e00:24::1e]:6060/000000001000/1000000001000003736/1.m3u8, Date: None, Resolution: None, Response Time: inf ms
Name: CCTV8, URL: http://[2409:8087:5e01:34::23]:6610/ZTE_CMS/00000001000000060000000000000371/index.m3u8?IAS, Date: None, Resolution: None, Response Time: inf ms
Name: CCTV8, URL: http://[2409:8087:4c0a:22:1::11]:6410/170000001115/UmaiCHAN638728970aa82/index.m3u8?m3u8_level=2, Date: None, Resolution: None, Response Time: inf ms
Name: CCTV8, URL: http://[2409:8087:5e01:34::23]:6610/ZTE_CMS/00000001000000060000000000000428/index.m3u8?IAS, Date: None, Resolution: None, Response Time: inf ms
Name: CCTV8, URL: http://[2409:8087:1a01:df::4077]:80/ottrrs.hl.chinamobile.com/PLTV/88888888/224/3221226008/index.m3u8, Date: None, Resolution: None, Response Time: inf ms
Name: CCTV8, URL: http://[2409:8087:1a01:df::4077]/PLTV/88888888/224/3221225795/index.m3u8, Date: None, Resolution: None, Response Time: inf ms
Name: CCTV8, URL: http://[2409:8087:7001:20:2::3]:80/dbiptv.sn.chinamobile.com/PLTV/88888888/224/3221226391/1.m3u8, Date: None, Resolution: None, Response Time: inf ms
Name: CCTV8, URL: http://[2409:8087:1a01:df::4077]/ottrrs.hl.chinamobile.com/PLTV/88888888/8/3221226008/index.m3u8, Date: None, Resolution: None, Response Time: inf ms
Name: CCTV8, URL: http://[2409:8087:7004:20:1000::22]:6610/yinhe/2/ch00000090990000001869/index.m3u8?virtualDomain=yinhe.live_hls.zte.com, Date: None, Resolution: None, Response Time: inf ms
Name: CCTV9, URL: http://[2409:8087:5e00:24::1e]:6060/000000001000/1000000001000014583/1.m3u8, Date: None, Resolution: None, Response Time: inf ms
Name: CCTV9, URL: http://[2409:8087:5e00:24::1e]:6060/000000001000/1000000001000028286/1.m3u8, Date: None, Resolution: None, Response Time: inf ms
Name: CCTV9, URL: http://[2409:8087:5e00:24::1e]:6060/000000001000/5000000010000018384/1.m3u8, Date: None, Resolution: None, Response Time: inf ms
Name: CCTV9, URL: http://[2409:8087:1a01:df::4077]/ottrrs.hl.chinamobile.com/PLTV/88888888/8/3221225734/index.m3u8, Date: None, Resolution: None, Response Time: inf ms
Name: CCTV9, URL: http://[2409:8087:4c0a:22:1::11]:6410/170000001115/UmaiCHAN5000039BESTVSMGSMG/index.m3u8?m3u8_level=2, Date: None, Resolution: None, Response Time: inf ms
Name: CCTV9, URL: http://[2409:8087:5e01:34::23]:6610/ZTE_CMS/00000001000000060000000000000300/index.m3u8?IAS, Date: None, Resolution: None, Response Time: inf ms
Name: CCTV9, URL: http://[2409:8087:5e01:34::23]:6610/ZTE_CMS/00000001000000060000000000000373/index.m3u8?IAS, Date: None, Resolution: None, Response Time: inf ms
Name: CCTV9, URL: http://[2409:8087:5e00:24::1e]:6060/200000001898/460000089800010217/1.m3u8, Date: None, Resolution: None, Response Time: inf ms
Name: CCTV9, URL: http://[2409:8087:1a01:df::4077]:80/ottrrs.hl.chinamobile.com/PLTV/88888888/224/3221225734/index.m3u8, Date: None, Resolution: None, Response Time: inf ms
Name: CCTV9, URL: http://[2409:8087:7000:20::4]:80/dbiptv.sn.chinamobile.com/PLTV/88888888/224/3221226197/1.m3u8, Date: None, Resolution: None, Response Time: inf ms
Name: CCTV9, URL: http://[2409:8087:7004:20:1000::22]:6610/yinhe/2/ch00000090990000001294/index.m3u8?virtualDomain=yinhe.live_hls.zte.com, Date: None, Resolution: None, Response Time: inf ms
Name: CCTV10, URL: http://[2409:8087:5e00:24::1e]:6060/000000001000/1000000001000023734/1.m3u8, Date: None, Resolution: None, Response Time: inf ms
Name: CCTV10, URL: http://[2409:8087:5e00:24::1e]:6060/000000001000/1000000001000026367/1.m3u8, Date: None, Resolution: None, Response Time: inf ms
Name: CCTV10, URL: http://[2409:8087:5e00:24::1e]:6060/000000001000/5000000004000012827/1.m3u8, Date: None, Resolution: None, Response Time: inf ms
Name: CCTV10, URL: http://[2409:8087:5e00:24::1e]:6060/000000001000/5000000010000016738/1.m3u8, Date: None, Resolution: None, Response Time: inf ms
Name: CCTV10, URL: http://[2409:8087:1a01:df::4077]:80/PLTV/88888888/224/3221225677/index.m3u8, Date: None, Resolution: None, Response Time: inf ms
Name: CCTV10, URL: http://[2409:8087:4c0a:22:1::11]:6410/170000001115/UmaiCHAN3949784BESTVSMGSMG/index.m3u8?m3u8_level=2, Date: None, Resolution: None, Response Time: inf ms
Name: CCTV10, URL: http://[2409:8087:5e01:34::23]:6610/ZTE_CMS/00000001000000060000000000000375/index.m3u8?IAS, Date: None, Resolution: None, Response Time: inf ms
Name: CCTV10, URL: http://[2409:8087:5e01:34::23]:6610/ZTE_CMS/00000001000000060000000000000301/index.m3u8?IAS, Date: None, Resolution: None, Response Time: inf ms
Name: CCTV10, URL: http://[2409:8087:1a01:df::4077]/ottrrs.hl.chinamobile.com/PLTV/88888888/8/3221225730/index.m3u8, Date: None, Resolution: None, Response Time: inf ms
Name: CCTV10, URL: http://[2409:8087:7004:20:1000::22]:6610/yinhe/2/ch00000090990000001288/index.m3u8?virtualDomain=yinhe.live_hls.zte.com, Date: None, Resolution: None, Response Time: inf ms
Name: CCTV11, URL: http://[2409:8087:5e00:24::1e]:6060/000000001000/1000000002000019789/1.m3u8, Date: None, Resolution: None, Response Time: inf ms
Name: CCTV11, URL: http://[2409:8087:5e00:24::1e]:6060/000000001000/5000000011000031106/1.m3u8, Date: None, Resolution: None, Response Time: inf ms
Name: CCTV11, URL: http://[2409:8087:1a01:df::4077]/ottrrs.hl.chinamobile.com/PLTV/88888888/8/3221225597/index.m3u8, Date: None, Resolution: None, Response Time: inf ms
Name: CCTV11, URL: http://[2409:8087:4c0a:22:1::11]:6410/170000001115/UmaiCHAN6000053BESTVSMGSMG/index.m3u8?m3u8_level=2, Date: None, Resolution: None, Response Time: inf ms
Name: CCTV11, URL: http://[2409:8087:5e01:34::23]:6610/ZTE_CMS/00000001000000060000000000000302/index.m3u8?IAS, Date: None, Resolution: None, Response Time: inf ms
Name: CCTV11, URL: http://[2409:8087:5e01:34::23]:6610/ZTE_CMS/00000001000000060000000000000497/index.m3u8?IAS, Date: None, Resolution: None, Response Time: inf ms
Name: CCTV11, URL: http://[2409:8087:1a01:df::7005]:80/ottrrs.hl.chinamobile.com/PLTV/88888888/224/3221226565/index.m3u8, Date: None, Resolution: None, Response Time: inf ms
Name: CCTV11, URL: http://[2409:8087:7000:20::4]:80/dbiptv.sn.chinamobile.com/PLTV/88888888/224/3221226240/1.m3u8, Date: None, Resolution: None, Response Time: inf ms
Name: CCTV11, URL: http://[2409:8087:7004:20:1000::22]:6610/yinhe/2/ch00000090990000001327/index.m3u8?virtualDomain=yinhe.live_hls.zte.com, Date: None, Resolution: None, Response Time: inf ms
Name: CCTV12, URL: http://[2409:8087:5e01:34::23]:6610/ZTE_CMS/00000001000000060000000000000377/index.m3u8?IAS, Date: None, Resolution: None, Response Time: inf ms
Name: CCTV12, URL: http://[2409:8087:4c0a:22:1::11]:6410/170000001115/UmaiCHAN5000040BESTVSMGSMG/index.m3u8?m3u8_level=2, Date: None, Resolution: None, Response Time: inf ms
Name: CCTV12, URL: http://[2409:8087:5e00:24::1e]:6060/000000001000/1000000001000001640/1.m3u8, Date: None, Resolution: None, Response Time: inf ms
Name: CCTV12, URL: http://[2409:8087:5e00:24::1e]:6060/000000001000/1000000001000032494/1.m3u8, Date: None, Resolution: None, Response Time: inf ms
Name: CCTV12, URL: http://[2409:8087:5e00:24::1e]:6060/000000001000/5000000011000031107/1.m3u8, Date: None, Resolution: None, Response Time: inf ms
Name: CCTV12, URL: http://[2409:8087:5e01:34::23]:6610/ZTE_CMS/00000001000000060000000000000303/index.m3u8?IAS, Date: None, Resolution: None, Response Time: inf ms
Name: CCTV12, URL: http://[2409:8087:1a01:df::4077]:80/ottrrs.hl.chinamobile.com/PLTV/88888888/224/3221225731/index.m3u8, Date: None, Resolution: None, Response Time: inf ms
Name: CCTV12, URL: http://[2409:8087:7000:20::4]:80/dbiptv.sn.chinamobile.com/PLTV/88888888/224/3221226190/1.m3u8, Date: None, Resolution: None, Response Time: inf ms
Name: CCTV13, URL: http://[2409:8087:5e00:24::1e]:6060/000000001000/1000000002000021303/1.m3u8, Date: None, Resolution: None, Response Time: inf ms
Name: CCTV13, URL: http://[2409:8087:5e00:24::1e]:6060/000000001000/5000000011000031108/1.m3u8, Date: None, Resolution: None, Response Time: inf ms
Name: CCTV13, URL: http://[2409:8087:1a01:df::7005]:80/ottrrs.hl.chinamobile.com/PLTV/88888888/224/3221226537/index.m3u8, Date: None, Resolution: None, Response Time: inf ms
Name: CCTV13, URL: http://[2409:8087:5e01:34::23]:6610/ZTE_CMS/00000001000000060000000000000338/index.m3u8?IAS, Date: None, Resolution: None, Response Time: inf ms
Name: CCTV13, URL: http://[2409:8087:4c0a:22:1::11]:6410/170000001115/UmaiCHAN6000054BESTVSMGSMG/index.m3u8?m3u8_level=2, Date: None, Resolution: None, Response Time: inf ms
Name: CCTV13, URL: http://[2409:8087:5e01:34::23]:6610/ZTE_CMS/00000001000000060000000000000516/index.m3u8?IAS, Date: None, Resolution: None, Response Time: inf ms
Name: CCTV14, URL: http://[2409:8087:5e00:24::1e]:6060/000000001000/1000000001000008170/1.m3u8, Date: None, Resolution: None, Response Time: inf ms
Name: CCTV14, URL: http://[2409:8087:5e00:24::1e]:6060/000000001000/1000000001000021349/1.m3u8, Date: None, Resolution: None, Response Time: inf ms
Name: CCTV14, URL: http://[2409:8087:5e00:24::1e]:6060/000000001000/5000000004000006673/1.m3u8, Date: None, Resolution: None, Response Time: inf ms
Name: CCTV14, URL: http://[2409:8087:5e00:24::1e]:6060/000000001000/5000000010000023358/1.m3u8, Date: None, Resolution: None, Response Time: inf ms
Name: CCTV14, URL: http://[2409:8087:4c0a:22:1::11]:6410/170000001115/UmaiCHAN3949788BESTVSMGSMG/index.m3u8?m3u8_level=2, Date: None, Resolution: None, Response Time: inf ms
Name: CCTV14, URL: http://[2409:8087:5e01:34::23]:6610/ZTE_CMS/00000001000000060000000000000336/index.m3u8?IAS, Date: None, Resolution: None, Response Time: inf ms
Name: CCTV14, URL: http://[2409:8087:5e01:34::23]:6610/ZTE_CMS/00000001000000060000000000000378/index.m3u8?IAS, Date: None, Resolution: None, Response Time: inf ms
Name: CCTV14, URL: http://[2409:8087:1a01:df::4077]:80/ottrrs.hl.chinamobile.com/PLTV/88888888/224/3221225732/index.m3u8, Date: None, Resolution: None, Response Time: inf ms
Name: CCTV14, URL: http://[2409:8087:1a01:df::4077]/ottrrs.hl.chinamobile.com/PLTV/88888888/8/3221225732/index.m3u8, Date: None, Resolution: None, Response Time: inf ms
Name: CCTV15, URL: http://[2409:8087:5e00:24::1e]:6060/000000001000/1000000002000008163/1.m3u8, Date: None, Resolution: None, Response Time: inf ms
Name: CCTV15, URL: http://[2409:8087:5e00:24::1e]:6060/000000001000/5000000011000031109/1.m3u8, Date: None, Resolution: None, Response Time: inf ms
Name: CCTV15, URL: http://[2409:8087:4c0a:22:1::11]:6410/170000001115/UmaiCHAN6000055BESTVSMGSMG/index.m3u8?m3u8_level=2, Date: None, Resolution: None, Response Time: inf ms
Name: CCTV15, URL: http://[2409:8087:5e01:34::23]:6610/ZTE_CMS/00000001000000060000000000000337/index.m3u8?IAS, Date: None, Resolution: None, Response Time: inf ms
Name: CCTV15, URL: http://[2409:8087:5e01:34::23]:6610/ZTE_CMS/00000001000000060000000000000501/index.m3u8?IAS, Date: None, Resolution: None, Response Time: inf ms
Name: CCTV15, URL: http://[2409:8087:1a01:df::7005]:80/ottrrs.hl.chinamobile.com/PLTV/88888888/224/3221226476/index.m3u8, Date: None, Resolution: None, Response Time: inf ms
Name: CCTV15, URL: http://[2409:8087:1a01:df::4077]/ottrrs.hl.chinamobile.com/PLTV/88888888/8/3221225601/index.m3u8, Date: None, Resolution: None, Response Time: inf ms
Name: CCTV15, URL: http://[2409:8087:7000:20::4]:80/dbiptv.sn.chinamobile.com/PLTV/88888888/224/3221225785/1.m3u8, Date: None, Resolution: None, Response Time: inf ms
Name: CCTV16, URL: http://[2409:8087:5e00:24::1e]:6060/000000001000/1000000006000233001/1.m3u8, Date: None, Resolution: None, Response Time: inf ms
Name: CCTV16, URL: http://[2409:8087:5e00:24::1e]:6060/000000001000/1000000006000233002/1.m3u8, Date: None, Resolution: None, Response Time: inf ms
Name: CCTV16, URL: http://[2409:8087:1a01:df::4077]/ottrrs.hl.chinamobile.com/PLTV/88888888/224/3221226100/index.m3u8, Date: None, Resolution: None, Response Time: inf ms
Name: CCTV16, URL: http://[2409:8087:1a01:df::4077]:80/PLTV/88888888/224/3221225893/index.m3u8, Date: None, Resolution: None, Response Time: inf ms
Name: CCTV16, URL: http://[2409:8087:7001:20:2::3]:80/dbiptv.sn.chinamobile.com/PLTV/88888888/224/3221226921/1.m3u8, Date: None, Resolution: None, Response Time: inf ms
Name: CCTV16, URL: http://[2409:8087:1a01:df::4077]/ottrrs.hl.chinamobile.com/PLTV/88888888/8/3221226100/index.m3u8, Date: None, Resolution: None, Response Time: inf ms
Name: CCTV16, URL: http://[2409:8087:7004:20:1000::22]:6610/yinhe/2/ch00000090990000002395/index.m3u8?virtualDomain=yinhe.live_hls.zte.com, Date: None, Resolution: None, Response Time: inf ms
Name: CCTV16, URL: http://[2409:8087:1a01:df::4077]/PLTV/88888888/224/3221225893/index.m3u8, Date: None, Resolution: None, Response Time: inf ms
Name: CCTV17, URL: http://[2409:8087:5e00:24::1e]:6060/000000001000/1000000005000056836/1.m3u8, Date: None, Resolution: None, Response Time: inf ms
Name: CCTV17, URL: http://[2409:8087:5e00:24::1e]:6060/000000001000/1000000006000268004/1.m3u8, Date: None, Resolution: None, Response Time: inf ms
Name: CCTV17, URL: http://[2409:8087:4c0a:22:1::11]:6410/170000001115/UmaiCHAN638728afa13b4/index.m3u8?m3u8_level=2, Date: None, Resolution: None, Response Time: inf ms
Name: CCTV17, URL: http://[2409:8087:5e01:34::23]:6610/ZTE_CMS/00000001000000060000000000000494/index.m3u8?IAS, Date: None, Resolution: None, Response Time: inf ms
Name: CCTV17, URL: http://[2409:8087:5e01:34::23]:6610/ZTE_CMS/00000001000000060000000000000495/index.m3u8?IAS, Date: None, Resolution: None, Response Time: inf ms
Name: CCTV17, URL: http://[2409:8087:1a01:df::7005]:80/ottrrs.hl.chinamobile.com/PLTV/88888888/224/3221225765/index.m3u8, Date: None, Resolution: None, Response Time: inf ms
Name: CCTV17, URL: http://[2409:8087:1a01:df::4077]/ottrrs.hl.chinamobile.com/PLTV/88888888/8/3221225765/index.m3u8, Date: None, Resolution: None, Response Time: inf ms
Name: CCTV17, URL: http://[2409:8087:7000:20::4]:80/dbiptv.sn.chinamobile.com/PLTV/88888888/224/3221226198/1.m3u8, Date: None, Resolution: None, Response Time: inf ms
Name: CCTV17, URL: http://[2409:8087:7004:20:1000::22]:6610/yinhe/2/ch00000090990000001295/index.m3u8?virtualDomain=yinhe.live_hls.zte.com, Date: None, Resolution: None, Response Time: inf ms
Name: CCTV17, URL: http://[2409:8087:1a01:df::4077]/PLTV/88888888/224/3221225708/index.m3u8, Date: None, Resolution: None, Response Time: inf ms
Name: CCTV17, URL: http://[2409:8087:1a01:df::4077]/ottrrs.hl.chinamobile.com/PLTV/88888888/224/3221225765/index.m3u8, Date: None, Resolution: None, Response Time: inf ms
Name: CCTV5+, URL: http://[2409:8087:1a01:df::4077]/ottrrs.hl.chinamobile.com/PLTV/88888888/8/3221225603/index.m3u8, Date: None, Resolution: None, Response Time: inf ms
Name: CCTV5+, URL: http://[2409:8087:5e00:24::1e]:6060/000000001000/1000000001000020505/1.m3u8, Date: None, Resolution: None, Response Time: inf ms
Name: CCTV5+, URL: http://[2409:8087:5e00:24::1e]:6060/000000001000/1000000001000018504/1.m3u8, Date: None, Resolution: None, Response Time: inf ms
Name: CCTV5+, URL: http://[2409:8087:4c0a:22:1::11]:6410/170000001115/UmaiCHAN63872908d48f9/index.m3u8?m3u8_level=2, Date: None, Resolution: None, Response Time: inf ms
Name: 湖南卫视, URL: http://[2409:8087:5e00:24::1e]:6060/000000001000/1000000001000032695/1.m3u8, Date: None, Resolution: None, Response Time: inf ms
Name: 湖南卫视, URL: http://[2409:8087:5e00:24::1e]:6060/000000001000/1000000001000009115/1.m3u8, Date: None, Resolution: None, Response Time: inf ms
Name: 湖南卫视, URL: http://[2409:8087:5e00:24::1e]:6060/000000001000/4600001000000000130/1.m3u8, Date: None, Resolution: None, Response Time: inf ms
Name: 湖南卫视, URL: http://[2409:8087:5e00:24::1e]:6060/000000001000/5000000004000006692/1.m3u8, Date: None, Resolution: None, Response Time: inf ms
Name: 湖南卫视, URL: http://[2409:8087:5e00:24::1e]:6060/000000001000/5000000010000030452/1.m3u8, Date: None, Resolution: None, Response Time: inf ms
Name: 湖南卫视, URL: http://[2409:8087:5e00:24::1e]:6060/000000001000/6954818217931477266/1.m3u8, Date: None, Resolution: None, Response Time: inf ms
Name: 湖南卫视, URL: http://[2409:8087:5e00:24::1e]:6060/200000001898/460000089800010224/1.m3u8, Date: None, Resolution: None, Response Time: inf ms
Name: 湖南卫视, URL: http://[2409:8087:5e01:34::23]:6610/ZTE_CMS/00000001000000060000000000000174/index.m3u8?IAS, Date: None, Resolution: None, Response Time: inf ms
Name: 湖南卫视, URL: http://[2409:8087:5e00:24::1e]:6060/200000001898/460000089800010058/1.m3u8, Date: None, Resolution: None, Response Time: inf ms
Name: 湖南卫视, URL: http://[2409:8087:1a01:df::7005]:80/ottrrs.hl.chinamobile.com/PLTV/88888888/224/3221226307/index.m3u8, Date: None, Resolution: None, Response Time: inf ms
Name: 湖南卫视, URL: http://[2409:8087:4c0a:22:1::11]:6410/170000001115/UmaiCHAN181358BESTVSMGSMG9/index.m3u8?m3u8_level=2, Date: None, Resolution: None, Response Time: inf ms
Name: 湖南卫视, URL: http://[2409:8087:5e01:34::23]:6610/ZTE_CMS/00000001000000060000000000000350/index.m3u8?IAS, Date: None, Resolution: None, Response Time: inf ms
Name: 湖南卫视, URL: http://[2409:8087:1a01:df::4077]/ottrrs.hl.chinamobile.com/PLTV/88888888/8/3221226430/index.m3u8, Date: None, Resolution: None, Response Time: inf ms
Name: 湖南卫视, URL: http://[2409:8087:7001:20:3::4]:80/dbiptv.sn.chinamobile.com/PLTV/88888888/224/3221225799/index.m3u8, Date: None, Resolution: None, Response Time: inf ms
Name: 东方卫视, URL: http://[2409:8087:5e00:24::1e]:6060/000000001000/1000000001000005866/1.m3u8, Date: None, Resolution: None, Response Time: inf ms
Name: 东方卫视, URL: http://[2409:8087:5e00:24::1e]:6060/000000001000/1000000001000030202/1.m3u8, Date: None, Resolution: None, Response Time: inf ms
Name: 东方卫视, URL: http://[2409:8087:5e00:24::1e]:6060/000000001000/5000000004000014098/1.m3u8, Date: None, Resolution: None, Response Time: inf ms
Name: 东方卫视, URL: http://[2409:8087:5e00:24::1e]:6060/000000001000/5000000010000032246/1.m3u8, Date: None, Resolution: None, Response Time: inf ms
Name: 东方卫视, URL: http://[2409:8087:5e00:24::1e]:6060/000000001000/6081477947334326291/1.m3u8, Date: None, Resolution: None, Response Time: inf ms
Name: 东方卫视, URL: http://[2409:8087:5e00:24::1e]:6060/200000001898/460000089800010054/1.m3u8, Date: None, Resolution: None, Response Time: inf ms
Name: 东方卫视, URL: http://[2409:8087:5e01:34::23]:6610/ZTE_CMS/00000001000000060000000000000322/index.m3u8?IAS, Date: None, Resolution: None, Response Time: inf ms
Name: 东方卫视, URL: http://[2409:8087:5e01:34::23]:6610/ZTE_CMS/00000001000000060000000000000182/index.m3u8?IAS, Date: None, Resolution: None, Response Time: inf ms
Name: 东方卫视, URL: http://[2409:8087:5e00:24::1e]:6060/200000001898/460000089800010219/1.m3u8, Date: None, Resolution: None, Response Time: inf ms
Name: 东方卫视, URL: http://[2409:8087:1a01:df::4077]/ottrrs.hl.chinamobile.com/PLTV/88888888/224/3221226345/index.m3u8, Date: None, Resolution: None, Response Time: inf ms
Name: 东方卫视, URL: http://[2409:8087:1a01:df::7005]:80/ottrrs.hl.chinamobile.com/PLTV/88888888/224/3221226345/index.m3u8, Date: None, Resolution: None, Response Time: inf ms
Name: 东方卫视, URL: http://[2409:8087:7001:20:3::6]:80/dbiptv.sn.chinamobile.com/PLTV/88888888/224/3221225797/index.m3u8, Date: None, Resolution: None, Response Time: inf ms
Name: 东方卫视, URL: http://[2409:8087:7000:20:1000::22]:6060/yinhe/2/ch00000090990000001336/index.m3u8?virtualDomain=yinhe.live_hls.zte.com, Date: None, Resolution: None, Response Time: inf ms
Name: 东方卫视, URL: http://[2409:8087:1a01:df::4077]/ottrrs.hl.chinamobile.com/PLTV/88888888/8/3221226345/index.m3u8, Date: None, Resolution: None, Response Time: inf ms
Name: 东方卫视, URL: http://[2409:8087:1a01:df::4077]/ottrrs.hl.chinamobile.com/PLTV/88888888/8/3221226336/index.m3u8, Date: None, Resolution: None, Response Time: inf ms
Name: 北京卫视, URL: http://[2409:8087:5e00:24::1e]:6060/200000001898/460000089800010143/1.m3u8, Date: None, Resolution: None, Response Time: inf ms
Name: 北京卫视, URL: http://[2409:8087:5e00:24::1e]:6060/000000001000/1000000001000017156/1.m3u8, Date: None, Resolution: None, Response Time: inf ms
Name: 北京卫视, URL: http://[2409:8087:5e00:24::1e]:6060/000000001000/1000000001000021288/1.m3u8, Date: None, Resolution: None, Response Time: inf ms
Name: 北京卫视, URL: http://[2409:8087:5e00:24::1e]:6060/000000001000/5000000004000031556/1.m3u8, Date: None, Resolution: None, Response Time: inf ms
Name: 北京卫视, URL: http://[2409:8087:5e00:24::1e]:6060/000000001000/8186688740528366039/1.m3u8, Date: None, Resolution: None, Response Time: inf ms
Name: 北京卫视, URL: http://[2409:8087:5e00:24::1e]:6060/200000001898/460000089800010043/1.m3u8, Date: None, Resolution: None, Response Time: inf ms
Name: 北京卫视, URL: http://[2409:8087:5e01:34::23]:6610/ZTE_CMS/00000001000000060000000000000325/index.m3u8?IAS, Date: None, Resolution: None, Response Time: inf ms
Name: 北京卫视, URL: http://[2409:8087:4c0a:22:1::11]:6410/170000001115/UmaiCHAN181361BESTVSMGSMG/index.m3u8?m3u8_level=2, Date: None, Resolution: None, Response Time: inf ms
Name: 北京卫视, URL: http://[2409:8087:5e01:34::23]:6610/ZTE_CMS/00000001000000060000000000000173/index.m3u8?IAS, Date: None, Resolution: None, Response Time: inf ms
Name: 北京卫视, URL: http://[2409:8087:1a01:df::7005]:80/ottrrs.hl.chinamobile.com/PLTV/88888888/224/3221226450/index.m3u8, Date: None, Resolution: None, Response Time: inf ms
Name: 北京卫视, URL: http://[2409:8087:1a01:df::4077]/ottrrs.hl.chinamobile.com/PLTV/88888888/224/3221226450/index.m3u8, Date: None, Resolution: None, Response Time: inf ms
Name: 北京卫视, URL: http://[2409:8087:7001:20:2::2]:80/dbiptv.sn.chinamobile.com/PLTV/88888888/224/3221225796/index.m3u8, Date: None, Resolution: None, Response Time: inf ms
Name: 江苏卫视, URL: http://[2409:8087:5e00:24::1e]:6060/000000001000/1000000001000001828/1.m3u8, Date: None, Resolution: None, Response Time: inf ms
Name: 江苏卫视, URL: http://[2409:8087:5e00:24::1e]:6060/000000001000/1000000001000004684/1.m3u8, Date: None, Resolution: None, Response Time: inf ms
Name: 江苏卫视, URL: http://[2409:8087:5e00:24::1e]:6060/000000001000/4796340999304424198/1.m3u8, Date: None, Resolution: None, Response Time: inf ms
Name: 江苏卫视, URL: http://[2409:8087:5e00:24::1e]:6060/000000001000/5000000004000019351/1.m3u8, Date: None, Resolution: None, Response Time: inf ms
Name: 江苏卫视, URL: http://[2409:8087:5e00:24::1e]:6060/000000001000/5000000010000018509/1.m3u8, Date: None, Resolution: None, Response Time: inf ms
Name: 江苏卫视, URL: http://[2409:8087:5e00:24::1e]:6060/200000001898/460000089800010059/1.m3u8, Date: None, Resolution: None, Response Time: inf ms
Name: 江苏卫视, URL: http://[2409:8087:5e01:34::23]:6610/ZTE_CMS/00000001000000060000000000000177/index.m3u8?IAS, Date: None, Resolution: None, Response Time: inf ms
Name: 江苏卫视, URL: http://[2409:8087:4c0a:22:1::11]:6410/170000001115/UmaiCHAN111129BESTVSMGSMG/index.m3u8?m3u8_level=2, Date: None, Resolution: None, Response Time: inf ms
Name: 江苏卫视, URL: http://[2409:8087:5e01:34::23]:6610/ZTE_CMS/00000001000000060000000000000327/index.m3u8?IAS, Date: None, Resolution: None, Response Time: inf ms
Name: 江苏卫视, URL: http://[2409:8087:5e00:24::1e]:6060/200000001898/460000089800010225/1.m3u8, Date: None, Resolution: None, Response Time: inf ms
Name: 江苏卫视, URL: http://[2409:8087:1a01:df::7005]:80/ottrrs.hl.chinamobile.com/PLTV/88888888/224/3221226310/index.m3u8, Date: None, Resolution: None, Response Time: inf ms
Name: 江苏卫视, URL: http://[2409:8087:7000:20::17]:80/dbiptv.sn.chinamobile.com/PLTV/88888888/224/3221225800/index.m3u8, Date: None, Resolution: None, Response Time: inf ms
Name: 安徽卫视, URL: http://[2409:8087:1a01:df::4077]/ottrrs.hl.chinamobile.com/PLTV/88888888/8/3221226391/index.m3u8, Date: None, Resolution: None, Response Time: inf ms
Name: 安徽卫视, URL: http://[2409:8087:5e00:24::1e]:6060/200000001898/460000089800010041/1.m3u8, Date: None, Resolution: None, Response Time: inf ms
Name: 安徽卫视, URL: http://[2409:8087:4c0a:22:1::11]:6410/170000001115/UmaiCHAN3540416BESTVSMGSMG/index.m3u8?m3u8_level=2, Date: None, Resolution: None, Response Time: inf ms
Name: 安徽卫视, URL: http://[2409:8087:5e00:24::1e]:6060/000000001000/1000000001000020780/1.m3u8, Date: None, Resolution: None, Response Time: inf ms
Name: 安徽卫视, URL: http://[2409:8087:5e00:24::1e]:6060/000000001000/1000000001000030159/1.m3u8, Date: None, Resolution: None, Response Time: inf ms
Name: 安徽卫视, URL: http://[2409:8087:5e00:24::1e]:6060/000000001000/5000000004000023002/1.m3u8, Date: None, Resolution: None, Response Time: inf ms
Name: 安徽卫视, URL: http://[2409:8087:1a01:df::7005]:80/ottrrs.hl.chinamobile.com/PLTV/88888888/224/3221226391/index.m3u8, Date: None, Resolution: None, Response Time: inf ms
Name: 安徽卫视, URL: http://[2409:8087:5e01:34::23]:6610/ZTE_CMS/00000001000000060000000000000326/index.m3u8?IAS, Date: None, Resolution: None, Response Time: inf ms
Name: 安徽卫视, URL: http://[2409:8087:5e01:34::23]:6610/ZTE_CMS/00000001000000060000000000000368/index.m3u8?IAS, Date: None, Resolution: None, Response Time: inf ms
Name: 安徽卫视, URL: http://[2409:8087:7001:20:3::6]:80/dbiptv.sn.chinamobile.com/PLTV/88888888/224/3221226196/index.m3u8, Date: None, Resolution: None, Response Time: inf ms
Name: 安徽卫视, URL: http://[2409:8087:7004:20:1000::22]:6610/yinhe/2/ch00000090990000001346/index.m3u8?virtualDomain=yinhe.live_hls.zte.com, Date: None, Resolution: None, Response Time: inf ms
Name: 安徽卫视, URL: http://[2409:8087:7000:20:1000::22]:6060/yinhe/2/ch00000090990000001346/index.m3u8?virtualDomain=yinhe.live_hls.zte.com, Date: None, Resolution: None, Response Time: inf ms
Name: 安徽卫视, URL: http://[2409:8087:7004:20:1000::22]:6610/yinhe/2/ch00000090990000001298/index.m3u8?virtualDomain=yinhe.live_hls.zte.com, Date: None, Resolution: None, Response Time: inf ms
Name: 重庆卫视, URL: http://[2409:8087:5e00:24::1e]:6060/000000001000/1000000001000001096/1.m3u8, Date: None, Resolution: None, Response Time: inf ms
Name: 重庆卫视, URL: http://[2409:8087:5e00:24::1e]:6060/000000001000/1000000002000018937/1.m3u8, Date: None, Resolution: None, Response Time: inf ms
Name: 重庆卫视, URL: http://[2409:8087:5e00:24::1e]:6060/000000001000/5000000004000025797/1.m3u8, Date: None, Resolution: None, Response Time: inf ms
Name: 重庆卫视, URL: http://[2409:8087:5e01:34::23]:6610/ZTE_CMS/00000001000000060000000000000523/index.m3u8?IAS, Date: None, Resolution: None, Response Time: inf ms
Name: 重庆卫视, URL: http://[2409:8087:5e00:24::1e]:6060/200000001898/460000089800010053/1.m3u8, Date: None, Resolution: None, Response Time: inf ms
Name: 重庆卫视, URL: http://[2409:8087:5e00:24::1e]:6060/200000001898/460000089800010218/1.m3u8, Date: None, Resolution: None, Response Time: inf ms
Name: 重庆卫视, URL: http://[2409:8087:5e01:34::23]:6610/ZTE_CMS/00000001000000060000000000000332/index.m3u8?IAS, Date: None, Resolution: None, Response Time: inf ms
Name: 重庆卫视, URL: http://[2409:8087:4c0a:22:1::11]:6410/170000001115/UmaiCHAN3840707BESTVSMGSMG9/index.m3u8?m3u8_level=2, Date: None, Resolution: None, Response Time: inf ms
Name: 重庆卫视, URL: http://[2409:8087:1a01:df::7005]:80/ottrrs.hl.chinamobile.com/PLTV/88888888/224/3221226409/index.m3u8, Date: None, Resolution: None, Response Time: inf ms
Name: 重庆卫视, URL: http://[2409:8087:7000:20::18]:80/dbiptv.sn.chinamobile.com/PLTV/88888888/224/3221226202/index.m3u8, Date: None, Resolution: None, Response Time: inf ms
Name: 重庆卫视, URL: http://[2409:8087:2001:20:2800:0:df6e:eb09]:80/ott.mobaibox.com/PLTV/4/224/3221228133/index.m3u8, Date: None, Resolution: None, Response Time: inf ms
Name: 四川卫视, URL: http://[2409:8087:1a01:df::7005]:80/ottrrs.hl.chinamobile.com/PLTV/88888888/224/3221226338/index.m3u8, Date: None, Resolution: None, Response Time: inf ms
Name: 四川卫视, URL: http://[2409:8087:5e00:24::1e]:6060/000000001000/1000000002000016825/1.m3u8, Date: None, Resolution: None, Response Time: inf ms
Name: 四川卫视, URL: http://[2409:8087:5e00:24::1e]:6060/000000001000/5000000004000006119/1.m3u8, Date: None, Resolution: None, Response Time: inf ms
Name: 四川卫视, URL: http://[2409:8087:5e00:24::1e]:6060/200000001898/460000089800010115/1.m3u8, Date: None, Resolution: None, Response Time: inf ms
Name: 四川卫视, URL: http://[2409:8087:5e01:34::23]:6610/ZTE_CMS/00000001000000060000000000000330/index.m3u8?IAS, Date: None, Resolution: None, Response Time: inf ms
Name: 四川卫视, URL: http://[2409:8087:4c0a:22:1::11]:6410/170000001115/UmaiCHAN3840706BESTVSMGSMG9/index.m3u8?m3u8_level=2, Date: None, Resolution: None, Response Time: inf ms
Name: 四川卫视, URL: http://[2409:8087:1a0b:df::4020]:80/ottrrs.hl.chinamobile.com/PLTV/88888888/224/3221226338/index.m3u8, Date: None, Resolution: None, Response Time: inf ms
Name: 四川卫视, URL: http://[2409:8087:7004:20:1000::22]:6610/yinhe/2/ch00000090990000001036/index.m3u8?virtualDomain=yinhe.live_hls.zte.com, Date: None, Resolution: None, Response Time: inf ms
Name: 东南卫视, URL: http://[2409:8087:5e00:24::1e]:6060/000000001000/1000000002000009263/1.m3u8, Date: None, Resolution: None, Response Time: inf ms
Name: 东南卫视, URL: http://[2409:8087:5e00:24::1e]:6060/000000001000/5000000004000010584/1.m3u8, Date: None, Resolution: None, Response Time: inf ms
Name: 东南卫视, URL: http://[2409:8087:5e00:24::1e]:6060/200000001898/460000089800010096/1.m3u8, Date: None, Resolution: None, Response Time: inf ms
Name: 东南卫视, URL: http://[2409:8087:5e01:34::23]:6610/ZTE_CMS/00000001000000060000000000000306/index.m3u8?IAS, Date: None, Resolution: None, Response Time: inf ms
Name: 东南卫视, URL: http://[2409:8087:5e01:34::23]:6610/ZTE_CMS/00000001000000060000000000000502/index.m3u8?IAS, Date: None, Resolution: None, Response Time: inf ms
Name: 东南卫视, URL: http://[2409:8087:1a01:df::7005]:80/ottrrs.hl.chinamobile.com/PLTV/88888888/224/3221226341/index.m3u8, Date: None, Resolution: None, Response Time: inf ms
Name: 东南卫视, URL: http://[2409:8087:7004:20:1000::22]:6610/yinhe/2/ch00000090990000001044/index.m3u8?virtualDomain=yinhe.live_hls.zte.com, Date: None, Resolution: None, Response Time: inf ms
Name: 东南卫视, URL: http://[2409:8087:1a0b:df::4020]:80/ottrrs.hl.chinamobile.com/PLTV/88888888/224/3221226341/index.m3u8, Date: None, Resolution: None, Response Time: inf ms
Name: 东南卫视, URL: http://[2409:8087:1e03:21::2]:6060/cms001/ch00000090990000001201/index.m3u8, Date: None, Resolution: None, Response Time: inf ms
Name: 深圳卫视, URL: http://[2409:8087:5e00:24::1e]:6060/000000001000/1000000001000009227/1.m3u8, Date: None, Resolution: None, Response Time: inf ms
Name: 深圳卫视, URL: http://[2409:8087:5e00:24::1e]:6060/000000001000/1000000001000011645/1.m3u8, Date: None, Resolution: None, Response Time: inf ms
Name: 深圳卫视, URL: http://[2409:8087:5e00:24::1e]:6060/000000001000/5000000004000007410/1.m3u8, Date: None, Resolution: None, Response Time: inf ms
Name: 深圳卫视, URL: http://[2409:8087:5e00:24::1e]:6060/000000001000/5352218613763113657/1.m3u8, Date: None, Resolution: None, Response Time: inf ms
Name: 深圳卫视, URL: http://[2409:8087:5e00:24::1e]:6060/200000001898/460000089800010068/1.m3u8, Date: None, Resolution: None, Response Time: inf ms
Name: 深圳卫视, URL: http://[2409:8087:5e01:34::23]:6610/ZTE_CMS/00000001000000060000000000000352/index.m3u8?IAS, Date: None, Resolution: None, Response Time: inf ms
Name: 深圳卫视, URL: http://[2409:8087:4c0a:22:1::11]:6410/170000001115/UmaiCHAN181362BESTVSMGSMG/index.m3u8?m3u8_level=2, Date: None, Resolution: None, Response Time: inf ms
Name: 深圳卫视, URL: http://[2409:8087:5e01:34::23]:6610/ZTE_CMS/00000001000000060000000000000176/index.m3u8?IAS, Date: None, Resolution: None, Response Time: inf ms
Name: 深圳卫视, URL: http://[2409:8087:1a01:df::7005]:80/ottrrs.hl.chinamobile.com/PLTV/88888888/224/3221226313/index.m3u8, Date: None, Resolution: None, Response Time: inf ms
Name: 深圳卫视, URL: http://[2409:8087:1a01:df::4077]/ottrrs.hl.chinamobile.com/PLTV/88888888/8/3221226510/index.m3u8, Date: None, Resolution: None, Response Time: inf ms
Name: 深圳卫视, URL: http://[2409:8087:7000:20:1000::22]:6060/yinhe/2/ch00000090990000001342/index.m3u8?virtualDomain=yinhe.live_hls.zte.com, Date: None, Resolution: None, Response Time: inf ms
Name: 深圳卫视, URL: http://[2409:8087:7000:20::15]:80/dbiptv.sn.chinamobile.com/PLTV/88888888/224/3221225801/index.m3u8, Date: None, Resolution: None, Response Time: inf ms
Name: 广东卫视, URL: http://[2409:8087:5e00:24::1e]:6060/200000001898/460000089800010221/1.m3u8, Date: None, Resolution: None, Response Time: inf ms
Name: 广东卫视, URL: http://[2409:8087:5e00:24::1e]:6060/000000001000/1000000001000014176/1.m3u8, Date: None, Resolution: None, Response Time: inf ms
Name: 广东卫视, URL: http://[2409:8087:5e00:24::1e]:6060/000000001000/1000000001000028357/1.m3u8, Date: None, Resolution: None, Response Time: inf ms
Name: 广东卫视, URL: http://[2409:8087:5e00:24::1e]:6060/000000001000/5000000004000014694/1.m3u8, Date: None, Resolution: None, Response Time: inf ms
Name: 广东卫视, URL: http://[2409:8087:5e00:24::1e]:6060/000000001000/5616881981321254555/1.m3u8, Date: None, Resolution: None, Response Time: inf ms
Name: 广东卫视, URL: http://[2409:8087:5e00:24::1e]:6060/200000001898/460000089800010055/1.m3u8, Date: None, Resolution: None, Response Time: inf ms
Name: 广东卫视, URL: http://[2409:8087:1a01:df::4077]/ottrrs.hl.chinamobile.com/PLTV/88888888/8/3221226248/index.m3u8, Date: None, Resolution: None, Response Time: inf ms
Name: 广东卫视, URL: http://[2409:8087:4c0a:22:1::11]:6410/170000001115/UmaiCHAN181359BESTVSMGSMG/index.m3u8?m3u8_level=2, Date: None, Resolution: None, Response Time: inf ms
Name: 广东卫视, URL: http://[2409:8087:5e01:34::23]:6610/ZTE_CMS/00000001000000060000000000000311/index.m3u8?IAS, Date: None, Resolution: None, Response Time: inf ms
Name: 广东卫视, URL: http://[2409:8087:5e01:34::23]:6610/ZTE_CMS/00000001000000060000000000000341/index.m3u8?IAS, Date: None, Resolution: None, Response Time: inf ms
Name: 广东卫视, URL: http://[2409:8087:1a01:df::7005]:80/ottrrs.hl.chinamobile.com/PLTV/88888888/224/3221226248/index.m3u8, Date: None, Resolution: None, Response Time: inf ms
Name: 广东卫视, URL: http://[2409:8087:7001:20:3::3]:80/dbiptv.sn.chinamobile.com/PLTV/88888888/224/3221225803/index.m3u8, Date: None, Resolution: None, Response Time: inf ms
Name: 广东卫视, URL: http://[2409:8087:7000:20:1000::22]:6060/yinhe/2/ch00000090990000001337/index.m3u8?virtualDomain=yinhe.live_hls.zte.com, Date: None, Resolution: None, Response Time: inf ms
Name: 广东卫视, URL: http://[2409:8087:7004:20:1000::22]:6610/yinhe/2/ch00000090990000001031/index.m3u8?virtualDomain=yinhe.live_hls.zte.com, Date: None, Resolution: None, Response Time: inf ms
Name: 广西卫视, URL: http://[2409:8087:5e00:24::1e]:6060/200000001898/460000089800010099/1.m3u8, Date: None, Resolution: None, Response Time: inf ms
Name: 广西卫视, URL: http://[2409:8087:5e00:24::1e]:6060/000000001000/1000000002000019837/1.m3u8, Date: None, Resolution: None, Response Time: inf ms
Name: 广西卫视, URL: http://[2409:8087:5e00:24::1e]:6060/000000001000/5000000011000031118/1.m3u8, Date: None, Resolution: None, Response Time: inf ms
Name: 广西卫视, URL: http://[2409:8087:5e01:34::23]:6610/ZTE_CMS/00000001000000060000000000000333/index.m3u8?IAS, Date: None, Resolution: None, Response Time: inf ms
Name: 广西卫视, URL: http://[2409:8087:1a01:df::7005]:80/ottrrs.hl.chinamobile.com/PLTV/88888888/224/3221226549/index.m3u8, Date: None, Resolution: None, Response Time: inf ms
Name: 广西卫视, URL: http://[2409:8087:4c0a:22:1::11]:6410/170000001115/UmaiCHAN5000045BESTVSMGSMG/index.m3u8?m3u8_level=2, Date: None, Resolution: None, Response Time: inf ms
Name: 广西卫视, URL: http://[2409:8087:7004:20:1000::22]:6610/yinhe/2/ch00000090990000001054/index.m3u8?virtualDomain=yinhe.live_hls.zte.com, Date: None, Resolution: None, Response Time: inf ms
Name: 广西卫视, URL: http://[2409:8087:1a0b:df::4020]:80/ottrrs.hl.chinamobile.com/PLTV/88888888/224/3221226380/index.m3u8, Date: None, Resolution: None, Response Time: inf ms
Name: 广西卫视, URL: http://[2409:8087:2001:20:2800:0:df6e:eb05]/ott.mobaibox.com/PLTV/3/224/3221228183/index.m3u8, Date: None, Resolution: None, Response Time: inf ms
Name: 厦门卫视, URL: http://[2409:8087:5e01:34::23]:6610/ZTE_CMS/00000001000000060000000000000193/index.m3u8?IAS, Date: None, Resolution: None, Response Time: inf ms
Name: 厦门卫视, URL: http://[2409:8087:5e00:24::1e]:6060/000000001000/1000000005000266006/1.m3u8, Date: None, Resolution: None, Response Time: inf ms
Name: 厦门卫视, URL: http://[2409:8087:5e01:34::22]:6610/ZTE_CMS/00000001000000060000000000000193/index.m3u8?IAS, Date: None, Resolution: None, Response Time: inf ms
Name: 厦门卫视, URL: http://[2409:8087:5e01:34::23]:6610/ZTE_CMS/00000001000000060000000000000193/index.m3u8?fmmv6, Date: None, Resolution: None, Response Time: inf ms
Name: 厦门卫视, URL: http://[2409:8087:7004:20:1000::22]:6610/yinhe/2/ch00000090990000001306/index.m3u8?virtualDomain=yinhe.live_hls.zte.com, Date: None, Resolution: None, Response Time: inf ms
Name: 厦门卫视, URL: http://[2409:8087:7000:20::4]:80/dbiptv.sn.chinamobile.com/PLTV/88888890/224/3221226219/index.m3u8, Date: None, Resolution: None, Response Time: inf ms
Name: 厦门卫视, URL: http://[2409:8087:7001:20:3::3]:80/dbiptv.sn.chinamobile.com/PLTV/88888890/224/3221226219/index.m3u8, Date: None, Resolution: None, Response Time: inf ms
Name: 厦门卫视, URL: http://[2409:8087:2001:20:2800:0:df6e:eb0e]/ott.mobaibox.com/PLTV/3/224/3221227604/index.m3u8, Date: None, Resolution: None, Response Time: inf ms
Name: 厦门卫视, URL: http://[2409:8087:74F1:0021::0008]:80/PLTV/88888888/224/3221225689/1.m3u8, Date: None, Resolution: None, Response Time: inf ms
Name: 甘肃卫视, URL: http://[2409:8087:5e00:24::1e]:6060/200000001898/460000089800010098/1.m3u8, Date: None, Resolution: None, Response Time: inf ms
Name: 甘肃卫视, URL: http://[2409:8087:5e00:24::1e]:6060/000000001000/5000000011000031121/1.m3u8, Date: None, Resolution: None, Response Time: inf ms
Name: 甘肃卫视, URL: http://[2409:8087:5e00:24::1e]:6060/000000001000/1000000002000017827/1.m3u8, Date: None, Resolution: None, Response Time: inf ms
Name: 甘肃卫视, URL: http://[2409:8087:5e01:34::23]:6610/ZTE_CMS/00000001000000060000000000000321/index.m3u8?IAS, Date: None, Resolution: None, Response Time: inf ms
Name: 甘肃卫视, URL: http://[2409:8087:1a0b:df::4005]:80/ottrrs.hl.chinamobile.com/PLTV/88888888/224/3221225633/index.m3u8, Date: None, Resolution: None, Response Time: inf ms
Name: 甘肃卫视, URL: http://[2409:8087:2001:20:2800:0:df6e:eb1a]/wh7f454c46tw1400573680_-1979013462/ott.mobaibox.com/PLTV/3/224/3221227568/index.m3u8?icpid=3&RTS=1668600490&from=40&popid=40&hms_devid=2116&prioritypopid=40&vqe=3, Date: None, Resolution: None, Response Time: inf ms
Name: 甘肃卫视, URL: http://[2409:8087:7004:20:1000::22]:6610/yinhe/2/ch00000090990000001059/index.m3u8?virtualDomain=yinhe.live_hls.zte.com, Date: None, Resolution: None, Response Time: inf ms
Name: 甘肃卫视, URL: http://[2409:8087:1e03:21::2]:6060/cms001/ch00000090990000001298/index.m3u8, Date: None, Resolution: None, Response Time: inf ms
Name: 贵州卫视, URL: http://[2409:8087:5e00:24::1e]:6060/000000001000/1000000002000003169/1.m3u8, Date: None, Resolution: None, Response Time: inf ms
Name: 贵州卫视, URL: http://[2409:8087:5e00:24::1e]:6060/000000001000/5000000004000025843/1.m3u8, Date: None, Resolution: None, Response Time: inf ms
Name: 贵州卫视, URL: http://[2409:8087:5e00:24::1e]:6060/200000001898/460000089800010100/1.m3u8, Date: None, Resolution: None, Response Time: inf ms
Name: 贵州卫视, URL: http://[2409:8087:1a0b:df::4020]:80/ottrrs.hl.chinamobile.com/PLTV/88888888/224/3221226474/index.m3u8, Date: None, Resolution: None, Response Time: inf ms
Name: 贵州卫视, URL: http://[2409:8087:4c0a:22:1::11]:6410/170000001115/UmaiCHAN4252663BESTVSMGSMG9/index.m3u8?m3u8_level=2, Date: None, Resolution: None, Response Time: inf ms
Name: 贵州卫视, URL: http://[2409:8087:5e01:34::23]:6610/ZTE_CMS/00000001000000060000000000000308/index.m3u8?IAS, Date: None, Resolution: None, Response Time: inf ms
Name: 贵州卫视, URL: http://[2409:8087:5e01:34::23]:6610/ZTE_CMS/00000001000000060000000000000489/index.m3u8?IAS, Date: None, Resolution: None, Response Time: inf ms
Name: 贵州卫视, URL: http://[2409:8087:1a01:df::7005]:80/ottrrs.hl.chinamobile.com/PLTV/88888888/224/3221226474/index.m3u8, Date: None, Resolution: None, Response Time: inf ms
Name: 贵州卫视, URL: http://[2409:8087:1a01:df::4077]/ottrrs.hl.chinamobile.com/PLTV/88888888/8/3221226474/index.m3u8, Date: None, Resolution: None, Response Time: inf ms
Name: 河北卫视, URL: http://[2409:8087:5e00:24::1e]:6060/000000001000/1000000002000017118/1.m3u8, Date: None, Resolution: None, Response Time: inf ms
Name: 河北卫视, URL: http://[2409:8087:5e00:24::1e]:6060/000000001000/5000000006000040016/1.m3u8, Date: None, Resolution: None, Response Time: inf ms
Name: 河北卫视, URL: http://[2409:8087:5e00:24::1e]:6060/200000001898/460000089800010101/1.m3u8, Date: None, Resolution: None, Response Time: inf ms
Name: 河北卫视, URL: http://[2409:8087:4c0a:22:1::11]:6410/170000001115/UmaiCHAN100000002BESTVSMGSMG9/index.m3u8?m3u8_level=2, Date: None, Resolution: None, Response Time: inf ms
Name: 河北卫视, URL: http://[2409:8087:5e01:34::23]:6610/ZTE_CMS/00000001000000060000000000000331/index.m3u8?IAS, Date: None, Resolution: None, Response Time: inf ms
Name: 河北卫视, URL: http://[2409:8087:5e01:34::23]:6610/ZTE_CMS/00000001000000060000000000000487/index.m3u8?IAS, Date: None, Resolution: None, Response Time: inf ms
Name: 河北卫视, URL: http://[2409:8087:1a0b:df::4020]:80/ottrrs.hl.chinamobile.com/PLTV/88888888/224/3221226406/index.m3u8, Date: None, Resolution: None, Response Time: inf ms
Name: 河北卫视, URL: http://[2409:8087:1a01:df::7005]:80/ottrrs.hl.chinamobile.com/PLTV/88888888/224/3221226406/index.m3u8, Date: None, Resolution: None, Response Time: inf ms
Name: 河北卫视, URL: http://[2409:8087:7004:20:1000::22]:6610/yinhe/2/ch00000090990000001039/index.m3u8?virtualDomain=yinhe.live_hls.zte.com, Date: None, Resolution: None, Response Time: inf ms
Name: 河北卫视, URL: http://[2409:8087:1a01:df::4077]/ottrrs.hl.chinamobile.com/PLTV/88888888/8/3221226406/index.m3u8, Date: None, Resolution: None, Response Time: inf ms
Name: 河北卫视, URL: http://[2409:8087:1a01:df::4077]/PLTV/88888888/224/3221225991/index.m3u8, Date: None, Resolution: None, Response Time: inf ms
Name: 河南卫视, URL: http://[2409:8087:1a01:df::4077]/ottrrs.hl.chinamobile.com/PLTV/88888888/8/3221226320/index.m3u8, Date: None, Resolution: None, Response Time: inf ms
Name: 河南卫视, URL: http://[2409:8087:5e00:24::1e]:6060/000000001000/7304224304099543804/1.m3u8, Date: None, Resolution: None, Response Time: inf ms
Name: 河南卫视, URL: http://[2409:8087:5e00:24::1e]:6060/000000001000/5000000011000031119/1.m3u8, Date: None, Resolution: None, Response Time: inf ms
Name: 河南卫视, URL: http://[2409:8087:5e00:24::1e]:6060/200000001898/460000089800010071/1.m3u8, Date: None, Resolution: None, Response Time: inf ms
Name: 河南卫视, URL: http://[2409:8087:1a01:df::7005]:80/ottrrs.hl.chinamobile.com/PLTV/88888888/224/3221226480/index.m3u8, Date: None, Resolution: None, Response Time: inf ms
Name: 河南卫视, URL: http://[2409:8087:4c0a:22:1::11]:6410/170000001115/UmaiCHAN5000044BESTVSMGSMG/index.m3u8?m3u8_level=2, Date: None, Resolution: None, Response Time: inf ms
Name: 河南卫视, URL: http://[2409:8087:5e01:34::23]:6610/ZTE_CMS/00000001000000060000000000000310/index.m3u8?IAS, Date: None, Resolution: None, Response Time: inf ms
Name: 河南卫视, URL: http://[2409:8087:1a01:df::4077]/PLTV/88888888/224/3221225988/index.m3u8, Date: None, Resolution: None, Response Time: inf ms
Name: 河南卫视, URL: http://[2409:8087:1a0b:df::4020]:80/ottrrs.hl.chinamobile.com/PLTV/88888888/224/3221226480/index.m3u8, Date: None, Resolution: None, Response Time: inf ms
Name: 河南卫视, URL: http://[2409:8087:7004:20:1000::22]:6610/yinhe/2/ch00000090990000001056/index.m3u8?virtualDomain=yinhe.live_hls.zte.com, Date: None, Resolution: None, Response Time: inf ms
Name: 黑龙江卫视, URL: http://[2409:8087:5e00:24::1e]:6060/000000001000/1000000001000001925/1.m3u8, Date: None, Resolution: None, Response Time: inf ms
Name: 黑龙江卫视, URL: http://[2409:8087:5e00:24::1e]:6060/000000001000/1000000001000009082/1.m3u8, Date: None, Resolution: None, Response Time: inf ms
Name: 黑龙江卫视, URL: http://[2409:8087:5e00:24::1e]:6060/000000001000/5000000004000025203/1.m3u8, Date: None, Resolution: None, Response Time: inf ms
Name: 黑龙江卫视, URL: http://[2409:8087:1a01:df::7005]:80/ottrrs.hl.chinamobile.com/PLTV/88888888/224/3221226327/index.m3u8, Date: None, Resolution: None, Response Time: inf ms
Name: 黑龙江卫视, URL: http://[2409:8087:5e00:24::1e]:6060/200000001898/460000089800010056/1.m3u8, Date: None, Resolution: None, Response Time: inf ms
Name: 黑龙江卫视, URL: http://[2409:8087:4c0a:22:1::11]:6410/170000001115/UmaiCHAN181356BESTVSMGSMG/index.m3u8?m3u8_level=2, Date: None, Resolution: None, Response Time: inf ms
Name: 黑龙江卫视, URL: http://[2409:8087:5e01:34::23]:6610/ZTE_CMS/00000001000000060000000000000175/index.m3u8?IAS, Date: None, Resolution: None, Response Time: inf ms
Name: 黑龙江卫视, URL: http://[2409:8087:5e01:34::23]:6610/ZTE_CMS/00000001000000060000000000000323/index.m3u8?IAS, Date: None, Resolution: None, Response Time: inf ms
Name: 黑龙江卫视, URL: http://[2409:8087:5e00:24::1e]:6060/200000001898/460000089800010222/1.m3u8, Date: None, Resolution: None, Response Time: inf ms
Name: 黑龙江卫视, URL: http://[2409:8087:7000:20::f]:80/dbiptv.sn.chinamobile.com/PLTV/88888888/224/3221226010/index.m3u8, Date: None, Resolution: None, Response Time: inf ms
Name: 黑龙江卫视, URL: http://[2409:8087:7000:20:1000::22]:6060/yinhe/2/ch00000090990000001338/index.m3u8?virtualDomain=yinhe.live_hls.zte.com, Date: None, Resolution: None, Response Time: inf ms
Name: 湖北卫视, URL: http://[2409:8087:5e00:24::1e]:6060/000000001000/1000000001000010355/1.m3u8, Date: None, Resolution: None, Response Time: inf ms
Name: 湖北卫视, URL: http://[2409:8087:5e00:24::1e]:6060/000000001000/1000000001000024621/1.m3u8, Date: None, Resolution: None, Response Time: inf ms
Name: 湖北卫视, URL: http://[2409:8087:5e00:24::1e]:6060/000000001000/5000000004000014954/1.m3u8, Date: None, Resolution: None, Response Time: inf ms
Name: 湖北卫视, URL: http://[2409:8087:4c0a:22:1::11]:6410/170000001115/UmaiCHAN911989BESTVSMGSMG/index.m3u8?m3u8_level=2, Date: None, Resolution: None, Response Time: inf ms
Name: 湖北卫视, URL: http://[2409:8087:5e00:24::1e]:6060/200000001898/460000089800010057/1.m3u8, Date: None, Resolution: None, Response Time: inf ms
Name: 湖北卫视, URL: http://[2409:8087:1a01:df::4077]/PLTV/88888888/224/3221226015/index.m3u8, Date: None, Resolution: None, Response Time: inf ms
Name: 湖北卫视, URL: http://[2409:8087:5e01:34::23]:6610/ZTE_CMS/00000001000000060000000000000250/index.m3u8?IAS, Date: None, Resolution: None, Response Time: inf ms
Name: 湖北卫视, URL: http://[2409:8087:5e01:34::23]:6610/ZTE_CMS/00000001000000060000000000000312/index.m3u8?IAS, Date: None, Resolution: None, Response Time: inf ms
Name: 湖北卫视, URL: http://[2409:8087:5e00:24::1e]:6060/200000001898/460000089800010223/1.m3u8, Date: None, Resolution: None, Response Time: inf ms
Name: 湖北卫视, URL: http://[2409:8087:1a01:df::7005]:80/ottrrs.hl.chinamobile.com/PLTV/88888888/224/3221226477/index.m3u8, Date: None, Resolution: None, Response Time: inf ms
Name: 湖北卫视, URL: http://[2409:8087:1a01:df::4077]/ottrrs.hl.chinamobile.com/PLTV/88888888/8/3221226477/index.m3u8, Date: None, Resolution: None, Response Time: inf ms
Name: 湖北卫视, URL: http://[2409:8087:7001:20:3::3]:80/dbiptv.sn.chinamobile.com/PLTV/88888888/224/3221226206/index.m3u8, Date: None, Resolution: None, Response Time: inf ms
Name: 湖北卫视, URL: http://[2409:8087:7000:20:1000::22]:6060/yinhe/2/ch00000090990000001347/index.m3u8?virtualDomain=yinhe.live_hls.zte.com, Date: None, Resolution: None, Response Time: inf ms
Name: 湖北卫视, URL: http://[2409:8087:7004:20:1000::22]:6610/yinhe/2/ch00000090990000001347/index.m3u8?virtualDomain=yinhe.live_hls.zte.com, Date: None, Resolution: None, Response Time: inf ms
Name: 江西卫视, URL: http://[2409:8087:5e00:24::1e]:6060/000000001000/1000000001000013731/1.m3u8, Date: None, Resolution: None, Response Time: inf ms
Name: 江西卫视, URL: http://[2409:8087:5e00:24::1e]:6060/000000001000/1000000006000268001/1.m3u8, Date: None, Resolution: None, Response Time: inf ms
Name: 江西卫视, URL: http://[2409:8087:5e00:24::1e]:6060/000000001000/5000000004000011210/1.m3u8, Date: None, Resolution: None, Response Time: inf ms
Name: 江西卫视, URL: http://[2409:8087:1a01:df::4077]/ottrrs.hl.chinamobile.com/PLTV/88888888/8/3221226504/index.m3u8, Date: None, Resolution: None, Response Time: inf ms
Name: 江西卫视, URL: http://[2409:8087:4c0a:22:1::11]:6410/170000001115/UmaiCHAN3468921BESTVSMGSMG/index.m3u8?m3u8_level=2, Date: None, Resolution: None, Response Time: inf ms
Name: 江西卫视, URL: http://[2409:8087:5e00:24::1e]:6060/200000001898/460000089800010060/1.m3u8, Date: None, Resolution: None, Response Time: inf ms
Name: 江西卫视, URL: http://[2409:8087:5e01:34::23]:6610/ZTE_CMS/00000001000000060000000000000328/index.m3u8?IAS, Date: None, Resolution: None, Response Time: inf ms
Name: 江西卫视, URL: http://[2409:8087:5e01:34::23]:6610/ZTE_CMS/00000001000000060000000000000522/index.m3u8?IAS, Date: None, Resolution: None, Response Time: inf ms
Name: 江西卫视, URL: http://[2409:8087:1a01:df::7005]:80/ottrrs.hl.chinamobile.com/PLTV/88888888/224/3221226344/index.m3u8, Date: None, Resolution: None, Response Time: inf ms
Name: 江西卫视, URL: http://[2409:8087:1a01:df::4077]/PLTV/88888888/224/3221225935/index.m3u8, Date: None, Resolution: None, Response Time: inf ms
Name: 江西卫视, URL: http://[2409:8087:7004:20:1000::22]:6610/yinhe/2/ch00000090990000001045/index.m3u8?virtualDomain=yinhe.live_hls.zte.com, Date: None, Resolution: None, Response Time: inf ms
Name: 江西卫视, URL: http://[2409:8087:1a0b:df::4020]:80/ottrrs.hl.chinamobile.com/PLTV/88888888/224/3221226344/index.m3u8, Date: None, Resolution: None, Response Time: inf ms
Name: 吉林卫视, URL: http://[2409:8087:5e00:24::1e]:6060/000000001000/5000000011000031117/1.m3u8, Date: None, Resolution: None, Response Time: inf ms
Name: 吉林卫视, URL: http://[2409:8087:5e00:24::1e]:6060/000000001000/6042486520432105075/1.m3u8, Date: None, Resolution: None, Response Time: inf ms
Name: 吉林卫视, URL: http://[2409:8087:4c0a:22:1::11]:6410/170000001115/UmaiCHAN5000046BESTVSMGSMG/index.m3u8?m3u8_level=2, Date: None, Resolution: None, Response Time: inf ms
Name: 吉林卫视, URL: http://[2409:8087:5e01:34::23]:6610/ZTE_CMS/00000001000000060000000000000324/index.m3u8?IAS, Date: None, Resolution: None, Response Time: inf ms
Name: 吉林卫视, URL: http://[2409:8087:5e01:34::23]:6610/ZTE_CMS/00000001000000060000000000000533/index.m3u8?IAS, Date: None, Resolution: None, Response Time: inf ms
Name: 吉林卫视, URL: http://[2409:8087:5e00:24::1e]:6060/200000001898/460000089800010075/1.m3u8, Date: None, Resolution: None, Response Time: inf ms
Name: 吉林卫视, URL: http://[2409:8087:1a01:df::7005]:80/ottrrs.hl.chinamobile.com/PLTV/88888888/224/3221226397/index.m3u8, Date: None, Resolution: None, Response Time: inf ms
Name: 吉林卫视, URL: http://[2409:8087:1a0b:df::4020]:80/ottrrs.hl.chinamobile.com/PLTV/88888888/224/3221226397/index.m3u8, Date: None, Resolution: None, Response Time: inf ms
Name: 吉林卫视, URL: http://[2409:8087:1a01:df::4077]/ottrrs.hl.chinamobile.com/PLTV/88888888/8/3221226397/index.m3u8, Date: None, Resolution: None, Response Time: inf ms
Name: 内蒙古卫视, URL: http://[2409:8087:1a0b:df::4017]:80/ottrrs.hl.chinamobile.com/PLTV/88888888/224/3221225634/index.m3u8, Date: None, Resolution: None, Response Time: inf ms
Name: 内蒙古卫视, URL: http://[2409:8087:5e00:24::1e]:6060/000000001000/1000000002000014080/1.m3u8, Date: None, Resolution: None, Response Time: inf ms
Name: 内蒙古卫视, URL: http://[2409:8087:4c0a:22:1::11]:6410/170000001115/UmaiCHAN79469BESTVSMGSMG9/index.m3u8?m3u8_level=2, Date: None, Resolution: None, Response Time: inf ms
Name: 内蒙古卫视, URL: http://[2409:8087:5e01:34::23]:6610/ZTE_CMS/00000001000000060000000000000319/index.m3u8?IAS, Date: None, Resolution: None, Response Time: inf ms
Name: 内蒙古卫视, URL: http://[2409:8087:5e00:24::1e]:6060/200000001898/460000089800010109/1.m3u8, Date: None, Resolution: None, Response Time: inf ms
Name: 内蒙古卫视, URL: http://[2409:8087:5e01:34::20]:6610/ZTE_CMS/00000001000000060000000000000319/index.m3u8?IAS, Date: None, Resolution: None, Response Time: inf ms
Name: 内蒙古卫视, URL: http://[2409:8087:7004:20:1000::22]:6610/yinhe/2/ch00000090990000001035/index.m3u8?virtualDomain=yinhe.live_hls.zte.com, Date: None, Resolution: None, Response Time: inf ms
Name: 内蒙古卫视, URL: http://[2409:8087:1a01:df::4077]/ottrrs.hl.chinamobile.com/PLTV/88888888/8/3221226389/index.m3u8, Date: None, Resolution: None, Response Time: inf ms
Name: 内蒙古卫视, URL: http://[2409:8087:1e03:21::2]:6060/cms001/ch00000090990000001068/index.m3u8, Date: None, Resolution: None, Response Time: inf ms
Name: 内蒙古卫视, URL: http://[2409:8087:74F1:0021::0008]:80/PLTV/88888888/224/3221225664/1.m3u8, Date: None, Resolution: None, Response Time: inf ms
Name: 辽宁卫视, URL: http://[2409:8087:1a01:df::7005]:80/ottrrs.hl.chinamobile.com/PLTV/88888888/224/3221226546/index.m3u8, Date: None, Resolution: None, Response Time: inf ms
Name: 辽宁卫视, URL: http://[2409:8087:4c0a:22:1::11]:6410/170000001115/UmaiCHAN3450001BESTVSMGSMG/index.m3u8?m3u8_level=2, Date: None, Resolution: None, Response Time: inf ms
Name: 辽宁卫视, URL: http://[2409:8087:5e00:24::1e]:6060/000000001000/1000000001000001945/1.m3u8, Date: None, Resolution: None, Response Time: inf ms
Name: 辽宁卫视, URL: http://[2409:8087:5e00:24::1e]:6060/000000001000/1000000002000024033/1.m3u8, Date: None, Resolution: None, Response Time: inf ms
Name: 辽宁卫视, URL: http://[2409:8087:5e00:24::1e]:6060/000000001000/5000000004000011671/1.m3u8, Date: None, Resolution: None, Response Time: inf ms
Name: 辽宁卫视, URL: http://[2409:8087:5e00:24::1e]:6060/200000001898/460000089800010061/1.m3u8, Date: None, Resolution: None, Response Time: inf ms
Name: 辽宁卫视, URL: http://[2409:8087:5e01:34::23]:6610/ZTE_CMS/00000001000000060000000000000307/index.m3u8?IAS, Date: None, Resolution: None, Response Time: inf ms
Name: 辽宁卫视, URL: http://[2409:8087:5e01:34::23]:6610/ZTE_CMS/00000001000000060000000000000367/index.m3u8?IAS, Date: None, Resolution: None, Response Time: inf ms
Name: 辽宁卫视, URL: http://[2409:8087:7001:20:2::4]:80/dbiptv.sn.chinamobile.com/PLTV/88888888/224/3221226201/index.m3u8, Date: None, Resolution: None, Response Time: inf ms
Name: 辽宁卫视, URL: http://[2409:8087:7000:20:1000::22]:6060/yinhe/2/ch00000090990000001340/index.m3u8?virtualDomain=yinhe.live_hls.zte.com, Date: None, Resolution: None, Response Time: inf ms
Name: 宁夏卫视, URL: http://[2409:8087:5e00:24::1e]:6060/200000001898/460000089800010110/1.m3u8, Date: None, Resolution: None, Response Time: inf ms
Name: 宁夏卫视, URL: http://[2409:8087:5e00:24::1e]:6060/000000001000/1000000002000031451/1.m3u8, Date: None, Resolution: None, Response Time: inf ms
Name: 宁夏卫视, URL: http://[2409:8087:5e00:24::1e]:6060/000000001000/5000000006000040022/1.m3u8, Date: None, Resolution: None, Response Time: inf ms
Name: 宁夏卫视, URL: http://[2409:8087:4c0a:22:1::11]:6410/170000001115/UmaiCHAN160782BESTVSMGSMG9/index.m3u8?m3u8_level=2, Date: None, Resolution: None, Response Time: inf ms
Name: 宁夏卫视, URL: http://[2409:8087:5e01:34::23]:6610/ZTE_CMS/00000001000000060000000000000309/index.m3u8?IAS, Date: None, Resolution: None, Response Time: inf ms
Name: 宁夏卫视, URL: http://[2409:8087:1a0b:df::4004]:80/ottrrs.hl.chinamobile.com/PLTV/88888888/224/3221225632/index.m3u8, Date: None, Resolution: None, Response Time: inf ms
Name: 宁夏卫视, URL: http://[2409:8087:5e01:34::20]:6610/ZTE_CMS/00000001000000060000000000000309/index.m3u8?IAS, Date: None, Resolution: None, Response Time: inf ms
Name: 宁夏卫视, URL: http://[2409:8087:2001:20:2800:0:df6e:eb06]/ott.mobaibox.com/PLTV/3/224/3221227563/index.m3u8, Date: None, Resolution: None, Response Time: inf ms
Name: 宁夏卫视, URL: http://[2409:8087:7004:20:1000::22]:6610/yinhe/2/ch00000090990000001061/index.m3u8?virtualDomain=yinhe.live_hls.zte.com, Date: None, Resolution: None, Response Time: inf ms
Name: 宁夏卫视, URL: http://[2409:8087:1a01:df::4077]/ottrrs.hl.chinamobile.com/PLTV/88888888/8/3221226454/index.m3u8, Date: None, Resolution: None, Response Time: inf ms
Name: 宁夏卫视, URL: http://[2409:8087:1e03:21::2]:6060/cms001/ch00000090990000001074/index.m3u8, Date: None, Resolution: None, Response Time: inf ms
Name: 青海卫视, URL: http://[2409:8087:5e00:24::1e]:6060/000000001000/1000000002000013359/1.m3u8, Date: None, Resolution: None, Response Time: inf ms
Name: 青海卫视, URL: http://[2409:8087:5e00:24::1e]:6060/000000001000/5000000006000040015/1.m3u8, Date: None, Resolution: None, Response Time: inf ms
Name: 青海卫视, URL: http://[2409:8087:5e00:24::1e]:6060/200000001898/460000089800010111/1.m3u8, Date: None, Resolution: None, Response Time: inf ms
Name: 青海卫视, URL: http://[2409:8087:4c0a:22:1::11]:6410/170000001115/UmaiCHAN67026BESTVSMGSMG9/index.m3u8?m3u8_level=2, Date: None, Resolution: None, Response Time: inf ms
Name: 青海卫视, URL: http://[2409:8087:5e01:34::23]:6610/ZTE_CMS/00000001000000060000000000000320/index.m3u8?IAS, Date: None, Resolution: None, Response Time: inf ms
Name: 青海卫视, URL: http://[2409:8087:1a0b:df::4002]:80/ottrrs.hl.chinamobile.com/PLTV/88888888/224/3221225628/index.m3u8, Date: None, Resolution: None, Response Time: inf ms
Name: 青海卫视, URL: http://[2409:8087:7004:20:1000::22]:6610/yinhe/2/ch00000090990000001033/index.m3u8?virtualDomain=yinhe.live_hls.zte.com, Date: None, Resolution: None, Response Time: inf ms
Name: 青海卫视, URL: http://[2409:8087:1e03:21::2]:6060/cms001/ch00000090990000001450/index.m3u8, Date: None, Resolution: None, Response Time: inf ms
Name: 青海卫视, URL: http://[2409:8087:1e03:21::2]:6060/cms001/ch00000090990000001082/index.m3u8, Date: None, Resolution: None, Response Time: inf ms
Name: 青海卫视, URL: http://[2409:8087:1a01:df::4077]/ottrrs.hl.chinamobile.com/PLTV/88888888/8/3221226323/index.m3u8, Date: None, Resolution: None, Response Time: inf ms
Name: 山东卫视, URL: http://[2409:8087:4c0a:22:1::11]:6410/170000001115/UmaiCHAN911992BESTVSMGSMG/index.m3u8?m3u8_level=2, Date: None, Resolution: None, Response Time: inf ms
Name: 山东卫视, URL: http://[2409:8087:1a01:df::7005]:80/ottrrs.hl.chinamobile.com/PLTV/88888888/224/3221226456/index.m3u8, Date: None, Resolution: None, Response Time: inf ms
Name: 山东卫视, URL: http://[2409:8087:5e00:24::1e]:6060/000000001000/1000000001000012807/1.m3u8, Date: None, Resolution: None, Response Time: inf ms
Name: 山东卫视, URL: http://[2409:8087:5e00:24::1e]:6060/000000001000/1000000001000016568/1.m3u8, Date: None, Resolution: None, Response Time: inf ms
Name: 山东卫视, URL: http://[2409:8087:5e00:24::1e]:6060/000000001000/5000000004000020424/1.m3u8, Date: None, Resolution: None, Response Time: inf ms
Name: 山东卫视, URL: http://[2409:8087:5e00:24::1e]:6060/000000001000/7347081113971056899/1.m3u8, Date: None, Resolution: None, Response Time: inf ms
Name: 山东卫视, URL: http://[2409:8087:5e00:24::1e]:6060/200000001898/460000089800010066/1.m3u8, Date: None, Resolution: None, Response Time: inf ms
Name: 山东卫视, URL: http://[2409:8087:5e01:34::23]:6610/ZTE_CMS/00000001000000060000000000000315/index.m3u8?IAS, Date: None, Resolution: None, Response Time: inf ms
Name: 山东卫视, URL: http://[2409:8087:5e01:34::23]:6610/ZTE_CMS/00000001000000060000000000000364/index.m3u8?IAS, Date: None, Resolution: None, Response Time: inf ms
Name: 山东卫视, URL: http://[2409:8087:7004:20:1000::22]:6610/yinhe/2/ch00000090990000001341/index.m3u8?virtualDomain=yinhe.live_hls.zte.com, Date: None, Resolution: None, Response Time: inf ms
Name: 山东卫视, URL: http://[2409:8087:7001:20:3::3]:80/dbiptv.sn.chinamobile.com/PLTV/88888888/224/3221226209/index.m3u8, Date: None, Resolution: None, Response Time: inf ms
Name: 山东卫视, URL: http://[2409:8087:7004:20:1000::22]:6610/yinhe/2/ch00000090990000001053/index.m3u8?virtualDomain=yinhe.live_hls.zte.com, Date: None, Resolution: None, Response Time: inf ms
Name: 山东卫视, URL: http://[2409:8087:1a01:df::4077]/PLTV/88888888/224/3221225952/index.m3u8, Date: None, Resolution: None, Response Time: inf ms
Name: 天津卫视, URL: http://[2409:8087:5e00:24::1e]:6060/000000001000/1000000001000000831/1.m3u8, Date: None, Resolution: None, Response Time: inf ms
Name: 天津卫视, URL: http://[2409:8087:5e00:24::1e]:6060/000000001000/1000000001000003475/1.m3u8, Date: None, Resolution: None, Response Time: inf ms
Name: 天津卫视, URL: http://[2409:8087:5e00:24::1e]:6060/000000001000/5000000001000030788/1.m3u8, Date: None, Resolution: None, Response Time: inf ms
Name: 天津卫视, URL: http://[2409:8087:5e00:24::1e]:6060/000000001000/5000000004000006827/1.m3u8, Date: None, Resolution: None, Response Time: inf ms
Name: 天津卫视, URL: http://[2409:8087:5e00:24::1e]:6060/000000001000/6707942579111517572/1.m3u8, Date: None, Resolution: None, Response Time: inf ms
Name: 天津卫视, URL: http://[2409:8087:5e00:24::1e]:6060/200000001898/460000089800010069/1.m3u8, Date: None, Resolution: None, Response Time: inf ms
Name: 天津卫视, URL: http://[2409:8087:5e01:34::23]:6610/ZTE_CMS/00000001000000060000000000000249/index.m3u8?IAS, Date: None, Resolution: None, Response Time: inf ms
Name: 天津卫视, URL: http://[2409:8087:4c0a:22:1::11]:6410/170000001115/UmaiCHAN3450000BESTVSMGSMG/index.m3u8?m3u8_level=2, Date: None, Resolution: None, Response Time: inf ms
Name: 天津卫视, URL: http://[2409:8087:5e01:34::23]:6610/ZTE_CMS/00000001000000060000000000000314/index.m3u8?IAS, Date: None, Resolution: None, Response Time: inf ms
Name: 天津卫视, URL: http://[2409:8087:1a01:df::7005]:80/ottrrs.hl.chinamobile.com/PLTV/88888888/224/3221226459/index.m3u8, Date: None, Resolution: None, Response Time: inf ms
Name: 天津卫视, URL: http://[2409:8087:7001:20:3::3]:80/dbiptv.sn.chinamobile.com/PLTV/88888888/224/3221226204/index.m3u8, Date: None, Resolution: None, Response Time: inf ms
Name: 天津卫视, URL: http://[2409:8087:7000:20:1000::22]:6060/yinhe/2/ch00000090990000001343/index.m3u8?virtualDomain=yinhe.live_hls.zte.com, Date: None, Resolution: None, Response Time: inf ms
Name: 天津卫视, URL: http://[2409:8087:7004:20:1000::22]:6610/yinhe/2/ch00000090990000001343/index.m3u8?virtualDomain=yinhe.live_hls.zte.com, Date: None, Resolution: None, Response Time: inf ms
Name: 海南卫视, URL: http://[2409:8087:5e00:24::1e]:6060/000000001000/5000000004000006211/1.m3u8, Date: None, Resolution: None, Response Time: inf ms
Name: 海南卫视, URL: http://[2409:8087:5e00:24::1e]:6060/000000001000/7899627377857656087/1.m3u8, Date: None, Resolution: None, Response Time: inf ms
Name: 海南卫视, URL: http://[2409:8087:5e00:24::1e]:6060/200000001898/460000089800010083/1.m3u8, Date: None, Resolution: None, Response Time: inf ms
Name: 海南卫视, URL: http://[2409:8087:4c0a:22:1::11]:6410/170000001115/UmaiCHAN4252684BESTVSMGSMG9/index.m3u8?m3u8_level=2, Date: None, Resolution: None, Response Time: inf ms
Name: 海南卫视, URL: http://[2409:8087:5e01:34::23]:6610/ZTE_CMS/00000001000000060000000000000017/index.m3u8?IAS, Date: None, Resolution: None, Response Time: inf ms
Name: 海南卫视, URL: http://[2409:8087:5e01:34::23]:6610/ZTE_CMS/00000001000000060000000000000262/index.m3u8?IAS, Date: None, Resolution: None, Response Time: inf ms
Name: 海南卫视, URL: http://[2409:8087:1a01:df::7005]:80/ottrrs.hl.chinamobile.com/PLTV/88888888/224/3221226465/index.m3u8, Date: None, Resolution: None, Response Time: inf ms
Name: 海南卫视, URL: http://[2409:8087:1a0b:df::4020]:80/ottrrs.hl.chinamobile.com/PLTV/88888888/224/3221226465/index.m3u8, Date: None, Resolution: None, Response Time: inf ms
Name: 海南卫视, URL: http://[2409:8087:7004:20:1000::22]:6610/yinhe/2/ch00000090990000001055/index.m3u8?virtualDomain=yinhe.live_hls.zte.com, Date: None, Resolution: None, Response Time: inf ms
Name: 海南卫视, URL: http://[2409:8087:74F1:0021::0008]:80/PLTV/88888888/224/3221226450/1.m3u8, Date: None, Resolution: None, Response Time: inf ms
Name: 海南卫视, URL: http://[2409:8087:1a01:df::4077]/ottrrs.hl.chinamobile.com/PLTV/88888888/8/3221226465/index.m3u8, Date: None, Resolution: None, Response Time: inf ms
Name: 新疆卫视, URL: http://[2409:8087:1a0b:df::4005]:80/ottrrs.hl.chinamobile.com/PLTV/88888888/224/3221225635/index.m3u8, Date: None, Resolution: None, Response Time: inf ms
Name: 新疆卫视, URL: http://[2409:8087:5e00:24::1e]:6060/200000001898/460000089800010116/1.m3u8, Date: None, Resolution: None, Response Time: inf ms
Name: 新疆卫视, URL: http://[2409:8087:5e00:24::1e]:6060/000000001000/1000000002000029441/1.m3u8, Date: None, Resolution: None, Response Time: inf ms
Name: 新疆卫视, URL: http://[2409:8087:5e00:24::1e]:6060/000000001000/5000000006000040018/1.m3u8, Date: None, Resolution: None, Response Time: inf ms
Name: 新疆卫视, URL: http://[2409:8087:4c0a:22:1::11]:6410/170000001115/UmaiCHAN126387BESTVSMGSMG9/index.m3u8?m3u8_level=2, Date: None, Resolution: None, Response Time: inf ms
Name: 新疆卫视, URL: http://[2409:8087:5e01:34::23]:6610/ZTE_CMS/00000001000000060000000000000316/index.m3u8?IAS, Date: None, Resolution: None, Response Time: inf ms
Name: 新疆卫视, URL: http://[2409:8087:1a01:df::4077]/ottrrs.hl.chinamobile.com/PLTV/88888888/8/3221226460/index.m3u8, Date: None, Resolution: None, Response Time: inf ms
Name: 新疆卫视, URL: http://[2409:8087:1e03:21::2]:6060/cms001/ch00000090990000001065/index.m3u8, Date: None, Resolution: None, Response Time: inf ms
Name: 新疆卫视, URL: http://[2409:8087:7004:20:1000::22]:6610/yinhe/2/ch00000090990000001047/index.m3u8?virtualDomain=yinhe.live_hls.zte.com, Date: None, Resolution: None, Response Time: inf ms
Name: 云南卫视, URL: http://[2409:8087:5e00:24::1e]:6060/200000001898/460000089800010119/1.m3u8, Date: None, Resolution: None, Response Time: inf ms
Name: 云南卫视, URL: http://[2409:8087:5e00:24::1e]:6060/000000001000/1000000002000024694/1.m3u8, Date: None, Resolution: None, Response Time: inf ms
Name: 云南卫视, URL: http://[2409:8087:5e00:24::1e]:6060/000000001000/5000000011000031120/1.m3u8, Date: None, Resolution: None, Response Time: inf ms
Name: 云南卫视, URL: http://[2409:8087:5e01:34::23]:6610/ZTE_CMS/00000001000000060000000000000305/index.m3u8?IAS, Date: None, Resolution: None, Response Time: inf ms
Name: 云南卫视, URL: http://[2409:8087:5e01:34::22]:6610/ZTE_CMS/00000001000000060000000000000305/index.m3u8?IAS, Date: None, Resolution: None, Response Time: inf ms
Name: 云南卫视, URL: http://[2409:8087:1a01:df::4077]/ottrrs.hl.chinamobile.com/PLTV/88888888/8/3221226444/index.m3u8, Date: None, Resolution: None, Response Time: inf ms
Name: 云南卫视, URL: http://[2409:8087:1a0b:df::4020]:80/ottrrs.hl.chinamobile.com/PLTV/88888888/224/3221226444/index.m3u8, Date: None, Resolution: None, Response Time: inf ms
Name: 云南卫视, URL: http://[2409:8087:7004:20:1000::22]:6610/yinhe/2/ch00000090990000001046/index.m3u8?virtualDomain=yinhe.live_hls.zte.com, Date: None, Resolution: None, Response Time: inf ms
Name: 云南卫视, URL: http://[2409:8087:1e03:21::2]:6060/cms001/ch00000090990000001223/index.m3u8, Date: None, Resolution: None, Response Time: inf ms
Name: 西藏卫视, URL: http://[2409:8087:5e00:24::1e]:6060/000000001000/6603041244077933770/1.m3u8, Date: None, Resolution: None, Response Time: inf ms
Name: 西藏卫视, URL: http://[2409:8087:4c0a:22:1::11]:6410/170000001115/UmaiCHAN77574BESTVSMGSMG9/index.m3u8?m3u8_level=2, Date: None, Resolution: None, Response Time: inf ms
Name: 西藏卫视, URL: http://[2409:8087:5e01:34::23]:6610/ZTE_CMS/00000001000000060000000000000317/index.m3u8?IAS, Date: None, Resolution: None, Response Time: inf ms
Name: 西藏卫视, URL: http://[2409:8087:5e00:24::1e]:6060/200000001898/460000089800010123/1.m3u8, Date: None, Resolution: None, Response Time: inf ms
Name: 西藏卫视, URL: http://[2409:8087:7001:20:2::4]:80/dbiptv.sn.chinamobile.com/PLTV/88888888/224/3221226212/index.m3u8, Date: None, Resolution: None, Response Time: inf ms
Name: 西藏卫视, URL: http://[2409:8087:7004:20:1000::22]:6610/yinhe/2/ch00000090990000001302/index.m3u8?virtualDomain=yinhe.live_hls.zte.com, Date: None, Resolution: None, Response Time: inf ms
Name: 西藏卫视, URL: http://[2409:8087:1a01:df::4077]/ottrrs.hl.chinamobile.com/PLTV/88888888/8/3221226433/index.m3u8, Date: None, Resolution: None, Response Time: inf ms
Name: 西藏卫视, URL: http://[2409:8087:1e03:21::2]:6060/cms001/ch00000090990000001072/index.m3u8, Date: None, Resolution: None, Response Time: inf ms
Name: 西藏卫视, URL: http://[2409:8087:74F1:0021::0008]:80/PLTV/88888888/224/3221225698/1.m3u8, Date: None, Resolution: None, Response Time: inf ms
Name: 兵团卫视, URL: http://[2409:8087:5e00:24::1e]:6060/000000001000/1000000005000266005/1.m3u8, Date: None, Resolution: None, Response Time: inf ms
Name: 兵团卫视, URL: http://[2409:8087:5e00:24::1e]:6060/000000001000/5000000006000040020/1.m3u8, Date: None, Resolution: None, Response Time: inf ms
Name: 兵团卫视, URL: http://[2409:8087:5e01:34::23]:6610/ZTE_CMS/00000001000000060000000000000353/index.m3u8?IAS, Date: None, Resolution: None, Response Time: inf ms
Name: 兵团卫视, URL: http://[2409:8087:4c0a:22:1::11]:6410/170000001115/UmaiCHAN126389BESTVSMGSMG9/index.m3u8?m3u8_level=2, Date: None, Resolution: None, Response Time: inf ms
Name: 兵团卫视, URL: http://[2409:8087:1a0b:df::4020]:80/ottrrs.hl.chinamobile.com/PLTV/88888888/224/3221226439/index.m3u8, Date: None, Resolution: None, Response Time: inf ms
Name: 兵团卫视, URL: http://[2409:8087:7004:20:1000::22]:6610/yinhe/2/ch00000090990000001304/index.m3u8?virtualDomain=yinhe.live_hls.zte.com, Date: None, Resolution: None, Response Time: inf ms
Name: 兵团卫视, URL: http://[2409:8087:1a01:df::4077]/ottrrs.hl.chinamobile.com/PLTV/88888888/8/3221226439/index.m3u8, Date: None, Resolution: None, Response Time: inf ms
Name: 兵团卫视, URL: http://[2409:8087:1e03:21::2]:6060/cms001/ch00000090990000001066/index.m3u8, Date: None, Resolution: None, Response Time: inf ms
Name: 兵团卫视, URL: http://[2409:8087:74F1:0021::0008]:80/PLTV/88888888/224/3221225631/1.m3u8, Date: None, Resolution: None, Response Time: inf ms
Name: 兵团卫视, URL: http://[2409:8087:1e03:21::42]:6610/cms001/ch00000090990000001066/index.m3u8?, Date: None, Resolution: None, Response Time: inf ms
Name: 三沙卫视, URL: http://[2409:8087:5e01:34::20]:6610/ZTE_CMS/08984400000000060000000000000319/index.m3u8?IAS, Date: None, Resolution: None, Response Time: inf ms
Name: 三沙卫视, URL: http://[2409:8087:5e00:24::1e]:6060/000000001000/4600001000000000117/1.m3u8, Date: None, Resolution: None, Response Time: inf ms
Name: 三沙卫视, URL: http://[2409:8087:5e01:34::22]:6610/ZTE_CMS/08984400000000060000000000000319/index.m3u8?IAS, Date: None, Resolution: None, Response Time: inf ms
Name: 三沙卫视, URL: http://[2409:8087:5e01:34::23]:6610/ZTE_CMS/00000001000000060000000000000208/index.m3u8?IAS, Date: None, Resolution: None, Response Time: inf ms
Name: 三沙卫视, URL: http://[2409:8087:5e01:34::21]:6610/ZTE_CMS/08984400000000060000000000000319/index.m3u8?IAS, Date: None, Resolution: None, Response Time: inf ms
Name: 三沙卫视, URL: http://[2409:8087:74F1:0021::0008]:80/PLTV/88888888/224/3221226701/1.m3u8, Date: None, Resolution: None, Response Time: inf ms
Name: 三沙卫视, URL: http://[2409:8087:1e03:21::2]:6060/cms001/ch00000090990000001185/index.m3u8, Date: None, Resolution: None, Response Time: inf ms
Name: 延边卫视, URL: http://[2409:8087:5e00:24::1e]:6060/000000001000/1000000005000266008/1.m3u8, Date: None, Resolution: None, Response Time: inf ms
Name: 延边卫视, URL: http://[2409:8087:1a0b:df::4020]:80/ottrrs.hl.chinamobile.com/PLTV/88888888/224/3221226516/index.m3u8, Date: None, Resolution: None, Response Time: inf ms
Name: 延边卫视, URL: http://[2409:8087:7004:20:1000::22]:6610/yinhe/2/ch00000090990000001307/index.m3u8?virtualDomain=yinhe.live_hls.zte.com, Date: None, Resolution: None, Response Time: inf ms
Name: 延边卫视, URL: http://[2409:8087:1e03:21::2]:6060/cms001/ch00000090990000001470/index.m3u8, Date: None, Resolution: None, Response Time: inf ms
Name: 广东卫视, URL: http://[2409:8087:5e00:24::1e]:6060/200000001898/460000089800010221/1.m3u8, Date: None, Resolution: None, Response Time: inf ms
Name: 广东卫视, URL: http://[2409:8087:5e00:24::1e]:6060/000000001000/1000000001000014176/1.m3u8, Date: None, Resolution: None, Response Time: inf ms
Name: 广东卫视, URL: http://[2409:8087:5e00:24::1e]:6060/000000001000/1000000001000028357/1.m3u8, Date: None, Resolution: None, Response Time: inf ms
Name: 广东卫视, URL: http://[2409:8087:5e00:24::1e]:6060/000000001000/5000000004000014694/1.m3u8, Date: None, Resolution: None, Response Time: inf ms
Name: 广东卫视, URL: http://[2409:8087:5e00:24::1e]:6060/000000001000/5616881981321254555/1.m3u8, Date: None, Resolution: None, Response Time: inf ms
Name: 广东卫视, URL: http://[2409:8087:5e00:24::1e]:6060/200000001898/460000089800010055/1.m3u8, Date: None, Resolution: None, Response Time: inf ms
Name: 广东卫视, URL: http://[2409:8087:1a01:df::4077]/ottrrs.hl.chinamobile.com/PLTV/88888888/8/3221226248/index.m3u8, Date: None, Resolution: None, Response Time: inf ms
Name: 广东卫视, URL: http://[2409:8087:4c0a:22:1::11]:6410/170000001115/UmaiCHAN181359BESTVSMGSMG/index.m3u8?m3u8_level=2, Date: None, Resolution: None, Response Time: inf ms
Name: 广东卫视, URL: http://[2409:8087:5e01:34::23]:6610/ZTE_CMS/00000001000000060000000000000311/index.m3u8?IAS, Date: None, Resolution: None, Response Time: inf ms
Name: 广东卫视, URL: http://[2409:8087:5e01:34::23]:6610/ZTE_CMS/00000001000000060000000000000341/index.m3u8?IAS, Date: None, Resolution: None, Response Time: inf ms
Name: 广东卫视, URL: http://[2409:8087:1a01:df::7005]:80/ottrrs.hl.chinamobile.com/PLTV/88888888/224/3221226248/index.m3u8, Date: None, Resolution: None, Response Time: inf ms
Name: 广东卫视, URL: http://[2409:8087:7001:20:3::3]:80/dbiptv.sn.chinamobile.com/PLTV/88888888/224/3221225803/index.m3u8, Date: None, Resolution: None, Response Time: inf ms
Name: 广东卫视, URL: http://[2409:8087:7000:20:1000::22]:6060/yinhe/2/ch00000090990000001337/index.m3u8?virtualDomain=yinhe.live_hls.zte.com, Date: None, Resolution: None, Response Time: inf ms
Name: 广东卫视, URL: http://[2409:8087:7004:20:1000::22]:6610/yinhe/2/ch00000090990000001031/index.m3u8?virtualDomain=yinhe.live_hls.zte.com, Date: None, Resolution: None, Response Time: inf ms
Name: 广东珠江, URL: http://[2409:8087:5e00:24::1e]:6060/000000001000/1000000004000011655/1.m3u8, Date: None, Resolution: None, Response Time: inf ms
Name: 广东珠江, URL: http://[2409:8087:5e00:24::1e]:6060/200000001898/460000089800010091/1.m3u8, Date: None, Resolution: None, Response Time: inf ms
Name: 凤凰中文, URL: http://[2409:8087:2001:20:2800:0:df6e:eb22]:80/ott.mobaibox.com/PLTV/3/224/3221228527/1.m3u8, Date: None, Resolution: None, Response Time: inf ms
Name: 凤凰中文, URL: http://[2409:8087:2001:20:2800:0:df6e:eb22]:80/ott.mobaibox.com/PLTV/3/224/3221228527/index.m3u8, Date: None, Resolution: None, Response Time: inf ms
Name: 凤凰资讯, URL: http://[2409:8087:7000:20::4]:80/dbiptv.sn.chinamobile.com/PLTV/88888888/224/3221226546/index.m3u8, Date: None, Resolution: None, Response Time: inf ms
Name: 凤凰资讯, URL: http://[2409:8087:2001:20:2800:0:df6e:eb19]:80/ott.mobaibox.com/PLTV/3/224/3221228524/1.m3u8, Date: None, Resolution: None, Response Time: inf ms
Name: 凤凰资讯, URL: http://[2409:8087:2001:20:2800:0:df6e:eb27]:80/wh7f454c46tw1890984412_1778241929/ott.mobaibox.com/PLTV/3/224/3221228524/index.m3u8?icpid=3&RTS=1674373416&from=40&popid=40&hms_devid=2293&prioritypopid=40&vqe=3, Date: None, Resolution: None, Response Time: inf ms
Name: 凤凰资讯, URL: http://[2409:8087:2001:20:2800:0:df6e:eb26]:80/ott.mobaibox.com/PLTV/4/224/3221228524/index.m3u8, Date: None, Resolution: None, Response Time: inf ms
Name: 凤凰资讯, URL: http://[2409:8087:2001:20:2800:0:df6e:eb27]/ott.mobaibox.com/TVOD/3/224/3221228524/index.m3u8?/TVOD/.smil, Date: None, Resolution: None, Response Time: inf ms
Name: 凤凰资讯, URL: http://[2409:8087:2001:20:2800:0:df6e:eb27]/wh7f454c46tw3352677969_1732462333/ott.mobaibox.com/PLTV/3/224/3221228524/index.m3u8, Date: None, Resolution: None, Response Time: inf ms
Name: 凤凰香港, URL: http://[2409:8087:2001:20:2800:0:df6e:eb22]:80/ott.mobaibox.com/PLTV/1/224/3221228530/1.m3u8, Date: None, Resolution: None, Response Time: inf ms
Name: 凤凰香港, URL: http://[2409:8087:2001:20:2800:0:df6e:eb1d]:80/ott.mobaibox.com/PLTV/1/224/3221228530/1.m3u8, Date: None, Resolution: None, Response Time: inf ms
Name: 凤凰香港, URL: http://[2409:8087:2001:20:2800:0:df6e:eb1d]:80/PLTV/1/224/3221231041/1.m3u8, Date: None, Resolution: None, Response Time: inf ms
Name: 凤凰香港, URL: http://[2409:8087:3869:8021:1001::e5]:6610/PLTV/88888910/224/3221226251/index.m3u8, Date: None, Resolution: None, Response Time: inf ms
